[5.845s] Invoking command in '/home/yahboom/yahboomcar_ws/src/simple_maze_bot': PYTHONPATH=/home/yahboom/yahboomcar_ws/src/build/simple_maze_bot/prefix_override:/home/yahboom/yahboomcar_ws/src/install/simple_maze_bot/lib/python3.10/site-packages:${PYTHONPATH} /usr/bin/python3 setup.py egg_info --egg-base ../build/simple_maze_bot build --build-base /home/yahboom/yahboomcar_ws/src/build/simple_maze_bot/build install --record /home/yahboom/yahboomcar_ws/src/build/simple_maze_bot/install.log --single-version-externally-managed
[7.373s] running egg_info
[7.375s] writing ../build/simple_maze_bot/simple_maze_bot.egg-info/PKG-INFO
[7.380s] writing dependency_links to ../build/simple_maze_bot/simple_maze_bot.egg-info/dependency_links.txt
[7.380s] writing entry points to ../build/simple_maze_bot/simple_maze_bot.egg-info/entry_points.txt
[7.380s] writing requirements to ../build/simple_maze_bot/simple_maze_bot.egg-info/requires.txt
[7.381s] writing top-level names to ../build/simple_maze_bot/simple_maze_bot.egg-info/top_level.txt
[7.390s] reading manifest file '../build/simple_maze_bot/simple_maze_bot.egg-info/SOURCES.txt'
[7.396s] writing manifest file '../build/simple_maze_bot/simple_maze_bot.egg-info/SOURCES.txt'
[7.398s] running build
[7.398s] running build_py
[7.399s] creating /home/yahboom/yahboomcar_ws/src/build/simple_maze_bot/build/lib/simple_maze_bot/scripts
[7.399s] copying simple_maze_bot/scripts/go_to_start.py -> /home/yahboom/yahboomcar_ws/src/build/simple_maze_bot/build/lib/simple_maze_bot/scripts
[7.400s] copying simple_maze_bot/scripts/start_maze_task.py -> /home/yahboom/yahboomcar_ws/src/build/simple_maze_bot/build/lib/simple_maze_bot/scripts
[7.400s] copying simple_maze_bot/scripts/__init__.py -> /home/yahboom/yahboomcar_ws/src/build/simple_maze_bot/build/lib/simple_maze_bot/scripts
[7.401s] running install
[7.402s] running install_lib
[7.406s] creating /home/yahboom/yahboomcar_ws/src/install/simple_maze_bot/lib/python3.10/site-packages/simple_maze_bot/scripts
[7.406s] copying /home/yahboom/yahboomcar_ws/src/build/simple_maze_bot/build/lib/simple_maze_bot/scripts/go_to_start.py -> /home/yahboom/yahboomcar_ws/src/install/simple_maze_bot/lib/python3.10/site-packages/simple_maze_bot/scripts
[7.406s] copying /home/yahboom/yahboomcar_ws/src/build/simple_maze_bot/build/lib/simple_maze_bot/scripts/start_maze_task.py -> /home/yahboom/yahboomcar_ws/src/install/simple_maze_bot/lib/python3.10/site-packages/simple_maze_bot/scripts
[7.407s] copying /home/yahboom/yahboomcar_ws/src/build/simple_maze_bot/build/lib/simple_maze_bot/scripts/__init__.py -> /home/yahboom/yahboomcar_ws/src/install/simple_maze_bot/lib/python3.10/site-packages/simple_maze_bot/scripts
[7.410s] byte-compiling /home/yahboom/yahboomcar_ws/src/install/simple_maze_bot/lib/python3.10/site-packages/simple_maze_bot/scripts/go_to_start.py to go_to_start.cpython-310.pyc
[7.414s] byte-compiling /home/yahboom/yahboomcar_ws/src/install/simple_maze_bot/lib/python3.10/site-packages/simple_maze_bot/scripts/start_maze_task.py to start_maze_task.cpython-310.pyc
[7.415s] byte-compiling /home/yahboom/yahboomcar_ws/src/install/simple_maze_bot/lib/python3.10/site-packages/simple_maze_bot/scripts/__init__.py to __init__.cpython-310.pyc
[7.416s] running install_data
[7.418s] error: can't copy 'resource/simple_maze_bot': doesn't exist or not a regular file
[7.481s] Invoked command in '/home/yahboom/yahboomcar_ws/src/simple_maze_bot' returned '1': PYTHONPATH=/home/yahboom/yahboomcar_ws/src/build/simple_maze_bot/prefix_override:/home/yahboom/yahboomcar_ws/src/install/simple_maze_bot/lib/python3.10/site-packages:${PYTHONPATH} /usr/bin/python3 setup.py egg_info --egg-base ../build/simple_maze_bot build --build-base /home/yahboom/yahboomcar_ws/src/build/simple_maze_bot/build install --record /home/yahboom/yahboomcar_ws/src/build/simple_maze_bot/install.log --single-version-externally-managed
