[8.910s] DEBUG:colcon:Command line arguments: ['/usr/bin/colcon', 'build', '--packages-select', 'simple_maze_bot']
[8.910s] DEBUG:colcon:Parsed command line arguments: Namespace(log_base=None, log_level=None, verb_name='build', build_base='build', install_base='install', merge_install=False, symlink_install=False, test_result_base=None, continue_on_error=False, executor='parallel', parallel_workers=4, event_handlers=None, ignore_user_meta=False, metas=['./colcon.meta'], base_paths=['.'], packages_ignore=None, packages_ignore_regex=None, paths=None, packages_up_to=None, packages_up_to_regex=None, packages_above=None, packages_above_and_dependencies=None, packages_above_depth=None, packages_select_by_dep=None, packages_skip_by_dep=None, packages_skip_up_to=None, packages_select_build_failed=False, packages_skip_build_finished=False, packages_select_test_failures=False, packages_skip_test_passed=False, packages_select=['simple_maze_bot'], packages_skip=None, packages_select_regex=None, packages_skip_regex=None, packages_start=None, packages_end=None, allow_overriding=[], cmake_args=None, cmake_target=None, cmake_target_skip_unavailable=False, cmake_clean_cache=False, cmake_clean_first=False, cmake_force_configure=False, ament_cmake_args=None, catkin_cmake_args=None, catkin_skip_building_tests=False, verb_parser=<colcon_defaults.argument_parser.defaults.DefaultArgumentsDecorator object at 0x79bc0a0cc550>, verb_extension=<colcon_core.verb.build.BuildVerb object at 0x79bc0a389360>, main=<bound method BuildVerb.main of <colcon_core.verb.build.BuildVerb object at 0x79bc0a389360>>)
[9.464s] Level 1:colcon.colcon_core.package_discovery:discover_packages(colcon_meta) check parameters
[9.465s] Level 1:colcon.colcon_core.package_discovery:discover_packages(recursive) check parameters
[9.465s] Level 1:colcon.colcon_core.package_discovery:discover_packages(ignore) check parameters
[9.465s] Level 1:colcon.colcon_core.package_discovery:discover_packages(path) check parameters
[9.465s] Level 1:colcon.colcon_core.package_discovery:discover_packages(colcon_meta) discover
[9.465s] Level 1:colcon.colcon_core.package_discovery:discover_packages(recursive) discover
[9.466s] INFO:colcon.colcon_core.package_discovery:Crawling recursively for packages in '/home/yahboom/yahboomcar_ws/src'
[9.466s] Level 1:colcon.colcon_core.package_identification:_identify(.) by extensions ['ignore', 'ignore_ament_install']
[9.466s] Level 1:colcon.colcon_core.package_identification:_identify(.) by extension 'ignore'
[9.467s] Level 1:colcon.colcon_core.package_identification:_identify(.) by extension 'ignore_ament_install'
[9.467s] Level 1:colcon.colcon_core.package_identification:_identify(.) by extensions ['colcon_pkg']
[9.467s] Level 1:colcon.colcon_core.package_identification:_identify(.) by extension 'colcon_pkg'
[9.467s] Level 1:colcon.colcon_core.package_identification:_identify(.) by extensions ['colcon_meta']
[9.468s] Level 1:colcon.colcon_core.package_identification:_identify(.) by extension 'colcon_meta'
[9.468s] Level 1:colcon.colcon_core.package_identification:_identify(.) by extensions ['ros']
[9.468s] Level 1:colcon.colcon_core.package_identification:_identify(.) by extension 'ros'
[9.532s] Level 1:colcon.colcon_core.package_identification:_identify(.) by extensions ['cmake', 'python']
[9.533s] Level 1:colcon.colcon_core.package_identification:_identify(.) by extension 'cmake'
[9.533s] Level 1:colcon.colcon_core.package_identification:_identify(.) by extension 'python'
[9.533s] Level 1:colcon.colcon_core.package_identification:_identify(.) by extensions ['python_setup_py']
[9.533s] Level 1:colcon.colcon_core.package_identification:_identify(.) by extension 'python_setup_py'
[9.534s] Level 1:colcon.colcon_core.package_identification:_identify(build) by extensions ['ignore', 'ignore_ament_install']
[9.535s] Level 1:colcon.colcon_core.package_identification:_identify(build) by extension 'ignore'
[9.535s] Level 1:colcon.colcon_core.package_identification:_identify(build) ignored
[9.536s] Level 1:colcon.colcon_core.package_identification:_identify(install) by extensions ['ignore', 'ignore_ament_install']
[9.536s] Level 1:colcon.colcon_core.package_identification:_identify(install) by extension 'ignore'
[9.536s] Level 1:colcon.colcon_core.package_identification:_identify(install) ignored
[9.537s] Level 1:colcon.colcon_core.package_identification:_identify(laserscan_to_point_publisher) by extensions ['ignore', 'ignore_ament_install']
[9.537s] Level 1:colcon.colcon_core.package_identification:_identify(laserscan_to_point_publisher) by extension 'ignore'
[9.537s] Level 1:colcon.colcon_core.package_identification:_identify(laserscan_to_point_publisher) by extension 'ignore_ament_install'
[9.538s] Level 1:colcon.colcon_core.package_identification:_identify(laserscan_to_point_publisher) by extensions ['colcon_pkg']
[9.538s] Level 1:colcon.colcon_core.package_identification:_identify(laserscan_to_point_publisher) by extension 'colcon_pkg'
[9.538s] Level 1:colcon.colcon_core.package_identification:_identify(laserscan_to_point_publisher) by extensions ['colcon_meta']
[9.538s] Level 1:colcon.colcon_core.package_identification:_identify(laserscan_to_point_publisher) by extension 'colcon_meta'
[9.538s] Level 1:colcon.colcon_core.package_identification:_identify(laserscan_to_point_publisher) by extensions ['ros']
[9.539s] Level 1:colcon.colcon_core.package_identification:_identify(laserscan_to_point_publisher) by extension 'ros'
[9.561s] DEBUG:colcon.colcon_core.package_identification:Package 'laserscan_to_point_publisher' with type 'ros.ament_python' and name 'laserscan_to_point_publisher'
[9.562s] Level 1:colcon.colcon_core.package_identification:_identify(log) by extensions ['ignore', 'ignore_ament_install']
[9.563s] Level 1:colcon.colcon_core.package_identification:_identify(log) by extension 'ignore'
[9.563s] Level 1:colcon.colcon_core.package_identification:_identify(log) ignored
[9.563s] Level 1:colcon.colcon_core.package_identification:_identify(robot_localization) by extensions ['ignore', 'ignore_ament_install']
[9.564s] Level 1:colcon.colcon_core.package_identification:_identify(robot_localization) by extension 'ignore'
[9.564s] Level 1:colcon.colcon_core.package_identification:_identify(robot_localization) by extension 'ignore_ament_install'
[9.564s] Level 1:colcon.colcon_core.package_identification:_identify(robot_localization) by extensions ['colcon_pkg']
[9.564s] Level 1:colcon.colcon_core.package_identification:_identify(robot_localization) by extension 'colcon_pkg'
[9.565s] Level 1:colcon.colcon_core.package_identification:_identify(robot_localization) by extensions ['colcon_meta']
[9.565s] Level 1:colcon.colcon_core.package_identification:_identify(robot_localization) by extension 'colcon_meta'
[9.565s] Level 1:colcon.colcon_core.package_identification:_identify(robot_localization) by extensions ['ros']
[9.566s] Level 1:colcon.colcon_core.package_identification:_identify(robot_localization) by extension 'ros'
[9.575s] DEBUG:colcon.colcon_core.package_identification:Package 'robot_localization' with type 'ros.ament_cmake' and name 'robot_localization'
[9.576s] Level 1:colcon.colcon_core.package_identification:_identify(robot_pose_publisher_ros2) by extensions ['ignore', 'ignore_ament_install']
[9.577s] Level 1:colcon.colcon_core.package_identification:_identify(robot_pose_publisher_ros2) by extension 'ignore'
[9.577s] Level 1:colcon.colcon_core.package_identification:_identify(robot_pose_publisher_ros2) by extension 'ignore_ament_install'
[9.577s] Level 1:colcon.colcon_core.package_identification:_identify(robot_pose_publisher_ros2) by extensions ['colcon_pkg']
[9.577s] Level 1:colcon.colcon_core.package_identification:_identify(robot_pose_publisher_ros2) by extension 'colcon_pkg'
[9.578s] Level 1:colcon.colcon_core.package_identification:_identify(robot_pose_publisher_ros2) by extensions ['colcon_meta']
[9.578s] Level 1:colcon.colcon_core.package_identification:_identify(robot_pose_publisher_ros2) by extension 'colcon_meta'
[9.578s] Level 1:colcon.colcon_core.package_identification:_identify(robot_pose_publisher_ros2) by extensions ['ros']
[9.578s] Level 1:colcon.colcon_core.package_identification:_identify(robot_pose_publisher_ros2) by extension 'ros'
[9.583s] DEBUG:colcon.colcon_core.package_identification:Package 'robot_pose_publisher_ros2' with type 'ros.ament_cmake' and name 'robot_pose_publisher_ros2'
[9.584s] Level 1:colcon.colcon_core.package_identification:_identify(simple_maze_bot) by extensions ['ignore', 'ignore_ament_install']
[9.584s] Level 1:colcon.colcon_core.package_identification:_identify(simple_maze_bot) by extension 'ignore'
[9.585s] Level 1:colcon.colcon_core.package_identification:_identify(simple_maze_bot) by extension 'ignore_ament_install'
[9.585s] Level 1:colcon.colcon_core.package_identification:_identify(simple_maze_bot) by extensions ['colcon_pkg']
[9.585s] Level 1:colcon.colcon_core.package_identification:_identify(simple_maze_bot) by extension 'colcon_pkg'
[9.585s] Level 1:colcon.colcon_core.package_identification:_identify(simple_maze_bot) by extensions ['colcon_meta']
[9.585s] Level 1:colcon.colcon_core.package_identification:_identify(simple_maze_bot) by extension 'colcon_meta'
[9.586s] Level 1:colcon.colcon_core.package_identification:_identify(simple_maze_bot) by extensions ['ros']
[9.586s] Level 1:colcon.colcon_core.package_identification:_identify(simple_maze_bot) by extension 'ros'
[9.589s] DEBUG:colcon.colcon_core.package_identification:Package 'simple_maze_bot' with type 'ros.ament_python' and name 'simple_maze_bot'
[9.590s] Level 1:colcon.colcon_core.package_identification:_identify(yahboom_app_save_map) by extensions ['ignore', 'ignore_ament_install']
[9.591s] Level 1:colcon.colcon_core.package_identification:_identify(yahboom_app_save_map) by extension 'ignore'
[9.591s] Level 1:colcon.colcon_core.package_identification:_identify(yahboom_app_save_map) by extension 'ignore_ament_install'
[9.591s] Level 1:colcon.colcon_core.package_identification:_identify(yahboom_app_save_map) by extensions ['colcon_pkg']
[9.592s] Level 1:colcon.colcon_core.package_identification:_identify(yahboom_app_save_map) by extension 'colcon_pkg'
[9.592s] Level 1:colcon.colcon_core.package_identification:_identify(yahboom_app_save_map) by extensions ['colcon_meta']
[9.592s] Level 1:colcon.colcon_core.package_identification:_identify(yahboom_app_save_map) by extension 'colcon_meta'
[9.592s] Level 1:colcon.colcon_core.package_identification:_identify(yahboom_app_save_map) by extensions ['ros']
[9.592s] Level 1:colcon.colcon_core.package_identification:_identify(yahboom_app_save_map) by extension 'ros'
[9.596s] DEBUG:colcon.colcon_core.package_identification:Package 'yahboom_app_save_map' with type 'ros.ament_python' and name 'yahboom_app_save_map'
[9.597s] Level 1:colcon.colcon_core.package_identification:_identify(yahboom_esp32_camera) by extensions ['ignore', 'ignore_ament_install']
[9.598s] Level 1:colcon.colcon_core.package_identification:_identify(yahboom_esp32_camera) by extension 'ignore'
[9.598s] Level 1:colcon.colcon_core.package_identification:_identify(yahboom_esp32_camera) by extension 'ignore_ament_install'
[9.598s] Level 1:colcon.colcon_core.package_identification:_identify(yahboom_esp32_camera) by extensions ['colcon_pkg']
[9.598s] Level 1:colcon.colcon_core.package_identification:_identify(yahboom_esp32_camera) by extension 'colcon_pkg'
[9.598s] Level 1:colcon.colcon_core.package_identification:_identify(yahboom_esp32_camera) by extensions ['colcon_meta']
[9.599s] Level 1:colcon.colcon_core.package_identification:_identify(yahboom_esp32_camera) by extension 'colcon_meta'
[9.599s] Level 1:colcon.colcon_core.package_identification:_identify(yahboom_esp32_camera) by extensions ['ros']
[9.599s] Level 1:colcon.colcon_core.package_identification:_identify(yahboom_esp32_camera) by extension 'ros'
[9.603s] DEBUG:colcon.colcon_core.package_identification:Package 'yahboom_esp32_camera' with type 'ros.ament_python' and name 'yahboom_esp32_camera'
[9.604s] Level 1:colcon.colcon_core.package_identification:_identify(yahboom_esp32_mediapipe) by extensions ['ignore', 'ignore_ament_install']
[9.605s] Level 1:colcon.colcon_core.package_identification:_identify(yahboom_esp32_mediapipe) by extension 'ignore'
[9.605s] Level 1:colcon.colcon_core.package_identification:_identify(yahboom_esp32_mediapipe) by extension 'ignore_ament_install'
[9.605s] Level 1:colcon.colcon_core.package_identification:_identify(yahboom_esp32_mediapipe) by extensions ['colcon_pkg']
[9.605s] Level 1:colcon.colcon_core.package_identification:_identify(yahboom_esp32_mediapipe) by extension 'colcon_pkg'
[9.606s] Level 1:colcon.colcon_core.package_identification:_identify(yahboom_esp32_mediapipe) by extensions ['colcon_meta']
[9.606s] Level 1:colcon.colcon_core.package_identification:_identify(yahboom_esp32_mediapipe) by extension 'colcon_meta'
[9.606s] Level 1:colcon.colcon_core.package_identification:_identify(yahboom_esp32_mediapipe) by extensions ['ros']
[9.607s] Level 1:colcon.colcon_core.package_identification:_identify(yahboom_esp32_mediapipe) by extension 'ros'
[9.611s] DEBUG:colcon.colcon_core.package_identification:Package 'yahboom_esp32_mediapipe' with type 'ros.ament_python' and name 'yahboom_esp32_mediapipe'
[9.612s] Level 1:colcon.colcon_core.package_identification:_identify(yahboom_esp32ai_car) by extensions ['ignore', 'ignore_ament_install']
[9.612s] Level 1:colcon.colcon_core.package_identification:_identify(yahboom_esp32ai_car) by extension 'ignore'
[9.613s] Level 1:colcon.colcon_core.package_identification:_identify(yahboom_esp32ai_car) by extension 'ignore_ament_install'
[9.613s] Level 1:colcon.colcon_core.package_identification:_identify(yahboom_esp32ai_car) by extensions ['colcon_pkg']
[9.613s] Level 1:colcon.colcon_core.package_identification:_identify(yahboom_esp32ai_car) by extension 'colcon_pkg'
[9.613s] Level 1:colcon.colcon_core.package_identification:_identify(yahboom_esp32ai_car) by extensions ['colcon_meta']
[9.614s] Level 1:colcon.colcon_core.package_identification:_identify(yahboom_esp32ai_car) by extension 'colcon_meta'
[9.614s] Level 1:colcon.colcon_core.package_identification:_identify(yahboom_esp32ai_car) by extensions ['ros']
[9.614s] Level 1:colcon.colcon_core.package_identification:_identify(yahboom_esp32ai_car) by extension 'ros'
[9.620s] DEBUG:colcon.colcon_core.package_identification:Package 'yahboom_esp32ai_car' with type 'ros.ament_python' and name 'yahboom_esp32ai_car'
[9.620s] Level 1:colcon.colcon_core.package_identification:_identify(yahboom_web_savmap_interfaces) by extensions ['ignore', 'ignore_ament_install']
[9.620s] Level 1:colcon.colcon_core.package_identification:_identify(yahboom_web_savmap_interfaces) by extension 'ignore'
[9.621s] Level 1:colcon.colcon_core.package_identification:_identify(yahboom_web_savmap_interfaces) by extension 'ignore_ament_install'
[9.622s] Level 1:colcon.colcon_core.package_identification:_identify(yahboom_web_savmap_interfaces) by extensions ['colcon_pkg']
[9.622s] Level 1:colcon.colcon_core.package_identification:_identify(yahboom_web_savmap_interfaces) by extension 'colcon_pkg'
[9.622s] Level 1:colcon.colcon_core.package_identification:_identify(yahboom_web_savmap_interfaces) by extensions ['colcon_meta']
[9.622s] Level 1:colcon.colcon_core.package_identification:_identify(yahboom_web_savmap_interfaces) by extension 'colcon_meta'
[9.622s] Level 1:colcon.colcon_core.package_identification:_identify(yahboom_web_savmap_interfaces) by extensions ['ros']
[9.623s] Level 1:colcon.colcon_core.package_identification:_identify(yahboom_web_savmap_interfaces) by extension 'ros'
[9.627s] DEBUG:colcon.colcon_core.package_identification:Package 'yahboom_web_savmap_interfaces' with type 'ros.ament_cmake' and name 'yahboom_web_savmap_interfaces'
[9.627s] Level 1:colcon.colcon_core.package_identification:_identify(yahboomcar_base_node) by extensions ['ignore', 'ignore_ament_install']
[9.628s] Level 1:colcon.colcon_core.package_identification:_identify(yahboomcar_base_node) by extension 'ignore'
[9.628s] Level 1:colcon.colcon_core.package_identification:_identify(yahboomcar_base_node) by extension 'ignore_ament_install'
[9.628s] Level 1:colcon.colcon_core.package_identification:_identify(yahboomcar_base_node) by extensions ['colcon_pkg']
[9.628s] Level 1:colcon.colcon_core.package_identification:_identify(yahboomcar_base_node) by extension 'colcon_pkg'
[9.629s] Level 1:colcon.colcon_core.package_identification:_identify(yahboomcar_base_node) by extensions ['colcon_meta']
[9.629s] Level 1:colcon.colcon_core.package_identification:_identify(yahboomcar_base_node) by extension 'colcon_meta'
[9.629s] Level 1:colcon.colcon_core.package_identification:_identify(yahboomcar_base_node) by extensions ['ros']
[9.629s] Level 1:colcon.colcon_core.package_identification:_identify(yahboomcar_base_node) by extension 'ros'
[9.634s] DEBUG:colcon.colcon_core.package_identification:Package 'yahboomcar_base_node' with type 'ros.ament_cmake' and name 'yahboomcar_base_node'
[9.635s] Level 1:colcon.colcon_core.package_identification:_identify(yahboomcar_bringup) by extensions ['ignore', 'ignore_ament_install']
[9.635s] Level 1:colcon.colcon_core.package_identification:_identify(yahboomcar_bringup) by extension 'ignore'
[9.635s] Level 1:colcon.colcon_core.package_identification:_identify(yahboomcar_bringup) by extension 'ignore_ament_install'
[9.636s] Level 1:colcon.colcon_core.package_identification:_identify(yahboomcar_bringup) by extensions ['colcon_pkg']
[9.636s] Level 1:colcon.colcon_core.package_identification:_identify(yahboomcar_bringup) by extension 'colcon_pkg'
[9.636s] Level 1:colcon.colcon_core.package_identification:_identify(yahboomcar_bringup) by extensions ['colcon_meta']
[9.636s] Level 1:colcon.colcon_core.package_identification:_identify(yahboomcar_bringup) by extension 'colcon_meta'
[9.637s] Level 1:colcon.colcon_core.package_identification:_identify(yahboomcar_bringup) by extensions ['ros']
[9.637s] Level 1:colcon.colcon_core.package_identification:_identify(yahboomcar_bringup) by extension 'ros'
[9.642s] DEBUG:colcon.colcon_core.package_identification:Package 'yahboomcar_bringup' with type 'ros.ament_python' and name 'yahboomcar_bringup'
[9.643s] Level 1:colcon.colcon_core.package_identification:_identify(yahboomcar_ctrl) by extensions ['ignore', 'ignore_ament_install']
[9.643s] Level 1:colcon.colcon_core.package_identification:_identify(yahboomcar_ctrl) by extension 'ignore'
[9.643s] Level 1:colcon.colcon_core.package_identification:_identify(yahboomcar_ctrl) by extension 'ignore_ament_install'
[9.644s] Level 1:colcon.colcon_core.package_identification:_identify(yahboomcar_ctrl) by extensions ['colcon_pkg']
[9.644s] Level 1:colcon.colcon_core.package_identification:_identify(yahboomcar_ctrl) by extension 'colcon_pkg'
[9.644s] Level 1:colcon.colcon_core.package_identification:_identify(yahboomcar_ctrl) by extensions ['colcon_meta']
[9.644s] Level 1:colcon.colcon_core.package_identification:_identify(yahboomcar_ctrl) by extension 'colcon_meta'
[9.644s] Level 1:colcon.colcon_core.package_identification:_identify(yahboomcar_ctrl) by extensions ['ros']
[9.644s] Level 1:colcon.colcon_core.package_identification:_identify(yahboomcar_ctrl) by extension 'ros'
[9.649s] DEBUG:colcon.colcon_core.package_identification:Package 'yahboomcar_ctrl' with type 'ros.ament_python' and name 'yahboomcar_ctrl'
[9.649s] Level 1:colcon.colcon_core.package_identification:_identify(yahboomcar_description) by extensions ['ignore', 'ignore_ament_install']
[9.649s] Level 1:colcon.colcon_core.package_identification:_identify(yahboomcar_description) by extension 'ignore'
[9.650s] Level 1:colcon.colcon_core.package_identification:_identify(yahboomcar_description) by extension 'ignore_ament_install'
[9.651s] Level 1:colcon.colcon_core.package_identification:_identify(yahboomcar_description) by extensions ['colcon_pkg']
[9.651s] Level 1:colcon.colcon_core.package_identification:_identify(yahboomcar_description) by extension 'colcon_pkg'
[9.651s] Level 1:colcon.colcon_core.package_identification:_identify(yahboomcar_description) by extensions ['colcon_meta']
[9.652s] Level 1:colcon.colcon_core.package_identification:_identify(yahboomcar_description) by extension 'colcon_meta'
[9.652s] Level 1:colcon.colcon_core.package_identification:_identify(yahboomcar_description) by extensions ['ros']
[9.652s] Level 1:colcon.colcon_core.package_identification:_identify(yahboomcar_description) by extension 'ros'
[9.656s] DEBUG:colcon.colcon_core.package_identification:Package 'yahboomcar_description' with type 'ros.ament_python' and name 'yahboomcar_description'
[9.657s] Level 1:colcon.colcon_core.package_identification:_identify(yahboomcar_laser) by extensions ['ignore', 'ignore_ament_install']
[9.657s] Level 1:colcon.colcon_core.package_identification:_identify(yahboomcar_laser) by extension 'ignore'
[9.657s] Level 1:colcon.colcon_core.package_identification:_identify(yahboomcar_laser) by extension 'ignore_ament_install'
[9.658s] Level 1:colcon.colcon_core.package_identification:_identify(yahboomcar_laser) by extensions ['colcon_pkg']
[9.658s] Level 1:colcon.colcon_core.package_identification:_identify(yahboomcar_laser) by extension 'colcon_pkg'
[9.658s] Level 1:colcon.colcon_core.package_identification:_identify(yahboomcar_laser) by extensions ['colcon_meta']
[9.658s] Level 1:colcon.colcon_core.package_identification:_identify(yahboomcar_laser) by extension 'colcon_meta'
[9.658s] Level 1:colcon.colcon_core.package_identification:_identify(yahboomcar_laser) by extensions ['ros']
[9.658s] Level 1:colcon.colcon_core.package_identification:_identify(yahboomcar_laser) by extension 'ros'
[9.664s] DEBUG:colcon.colcon_core.package_identification:Package 'yahboomcar_laser' with type 'ros.ament_python' and name 'yahboomcar_laser'
[9.664s] Level 1:colcon.colcon_core.package_identification:_identify(yahboomcar_msgs) by extensions ['ignore', 'ignore_ament_install']
[9.665s] Level 1:colcon.colcon_core.package_identification:_identify(yahboomcar_msgs) by extension 'ignore'
[9.665s] Level 1:colcon.colcon_core.package_identification:_identify(yahboomcar_msgs) by extension 'ignore_ament_install'
[9.665s] Level 1:colcon.colcon_core.package_identification:_identify(yahboomcar_msgs) by extensions ['colcon_pkg']
[9.666s] Level 1:colcon.colcon_core.package_identification:_identify(yahboomcar_msgs) by extension 'colcon_pkg'
[9.666s] Level 1:colcon.colcon_core.package_identification:_identify(yahboomcar_msgs) by extensions ['colcon_meta']
[9.667s] Level 1:colcon.colcon_core.package_identification:_identify(yahboomcar_msgs) by extension 'colcon_meta'
[9.667s] Level 1:colcon.colcon_core.package_identification:_identify(yahboomcar_msgs) by extensions ['ros']
[9.667s] Level 1:colcon.colcon_core.package_identification:_identify(yahboomcar_msgs) by extension 'ros'
[9.673s] DEBUG:colcon.colcon_core.package_identification:Package 'yahboomcar_msgs' with type 'ros.ament_cmake' and name 'yahboomcar_msgs'
[9.674s] Level 1:colcon.colcon_core.package_identification:_identify(yahboomcar_multi) by extensions ['ignore', 'ignore_ament_install']
[9.674s] Level 1:colcon.colcon_core.package_identification:_identify(yahboomcar_multi) by extension 'ignore'
[9.674s] Level 1:colcon.colcon_core.package_identification:_identify(yahboomcar_multi) by extension 'ignore_ament_install'
[9.674s] Level 1:colcon.colcon_core.package_identification:_identify(yahboomcar_multi) by extensions ['colcon_pkg']
[9.675s] Level 1:colcon.colcon_core.package_identification:_identify(yahboomcar_multi) by extension 'colcon_pkg'
[9.675s] Level 1:colcon.colcon_core.package_identification:_identify(yahboomcar_multi) by extensions ['colcon_meta']
[9.675s] Level 1:colcon.colcon_core.package_identification:_identify(yahboomcar_multi) by extension 'colcon_meta'
[9.675s] Level 1:colcon.colcon_core.package_identification:_identify(yahboomcar_multi) by extensions ['ros']
[9.676s] Level 1:colcon.colcon_core.package_identification:_identify(yahboomcar_multi) by extension 'ros'
[9.680s] DEBUG:colcon.colcon_core.package_identification:Package 'yahboomcar_multi' with type 'ros.ament_python' and name 'yahboomcar_multi'
[9.680s] Level 1:colcon.colcon_core.package_identification:_identify(yahboomcar_nav) by extensions ['ignore', 'ignore_ament_install']
[9.681s] Level 1:colcon.colcon_core.package_identification:_identify(yahboomcar_nav) by extension 'ignore'
[9.681s] Level 1:colcon.colcon_core.package_identification:_identify(yahboomcar_nav) by extension 'ignore_ament_install'
[9.681s] Level 1:colcon.colcon_core.package_identification:_identify(yahboomcar_nav) by extensions ['colcon_pkg']
[9.681s] Level 1:colcon.colcon_core.package_identification:_identify(yahboomcar_nav) by extension 'colcon_pkg'
[9.682s] Level 1:colcon.colcon_core.package_identification:_identify(yahboomcar_nav) by extensions ['colcon_meta']
[9.682s] Level 1:colcon.colcon_core.package_identification:_identify(yahboomcar_nav) by extension 'colcon_meta'
[9.682s] Level 1:colcon.colcon_core.package_identification:_identify(yahboomcar_nav) by extensions ['ros']
[9.682s] Level 1:colcon.colcon_core.package_identification:_identify(yahboomcar_nav) by extension 'ros'
[9.687s] DEBUG:colcon.colcon_core.package_identification:Package 'yahboomcar_nav' with type 'ros.ament_python' and name 'yahboomcar_nav'
[9.687s] Level 1:colcon.colcon_core.package_discovery:discover_packages(recursive) using defaults
[9.687s] Level 1:colcon.colcon_core.package_discovery:discover_packages(ignore) discover
[9.688s] Level 1:colcon.colcon_core.package_discovery:discover_packages(ignore) using defaults
[9.688s] Level 1:colcon.colcon_core.package_discovery:discover_packages(path) discover
[9.688s] Level 1:colcon.colcon_core.package_discovery:discover_packages(path) using defaults
[10.187s] INFO:colcon.colcon_core.package_selection:Skipping not selected package 'laserscan_to_point_publisher' in 'laserscan_to_point_publisher'
[10.187s] INFO:colcon.colcon_core.package_selection:Skipping not selected package 'robot_localization' in 'robot_localization'
[10.187s] INFO:colcon.colcon_core.package_selection:Skipping not selected package 'robot_pose_publisher_ros2' in 'robot_pose_publisher_ros2'
[10.187s] INFO:colcon.colcon_core.package_selection:Skipping not selected package 'yahboom_app_save_map' in 'yahboom_app_save_map'
[10.187s] INFO:colcon.colcon_core.package_selection:Skipping not selected package 'yahboom_esp32_camera' in 'yahboom_esp32_camera'
[10.187s] INFO:colcon.colcon_core.package_selection:Skipping not selected package 'yahboom_esp32_mediapipe' in 'yahboom_esp32_mediapipe'
[10.188s] INFO:colcon.colcon_core.package_selection:Skipping not selected package 'yahboom_esp32ai_car' in 'yahboom_esp32ai_car'
[10.188s] INFO:colcon.colcon_core.package_selection:Skipping not selected package 'yahboom_web_savmap_interfaces' in 'yahboom_web_savmap_interfaces'
[10.188s] INFO:colcon.colcon_core.package_selection:Skipping not selected package 'yahboomcar_base_node' in 'yahboomcar_base_node'
[10.188s] INFO:colcon.colcon_core.package_selection:Skipping not selected package 'yahboomcar_bringup' in 'yahboomcar_bringup'
[10.188s] INFO:colcon.colcon_core.package_selection:Skipping not selected package 'yahboomcar_ctrl' in 'yahboomcar_ctrl'
[10.188s] INFO:colcon.colcon_core.package_selection:Skipping not selected package 'yahboomcar_description' in 'yahboomcar_description'
[10.188s] INFO:colcon.colcon_core.package_selection:Skipping not selected package 'yahboomcar_laser' in 'yahboomcar_laser'
[10.188s] INFO:colcon.colcon_core.package_selection:Skipping not selected package 'yahboomcar_msgs' in 'yahboomcar_msgs'
[10.189s] INFO:colcon.colcon_core.package_selection:Skipping not selected package 'yahboomcar_multi' in 'yahboomcar_multi'
[10.189s] INFO:colcon.colcon_core.package_selection:Skipping not selected package 'yahboomcar_nav' in 'yahboomcar_nav'
[10.380s] Level 1:colcon.colcon_core.package_discovery:discover_packages(prefix_path) check parameters
[10.380s] Level 1:colcon.colcon_core.package_discovery:discover_packages(prefix_path) discover
[10.645s] DEBUG:colcon.colcon_installed_package_information.package_discovery:Found 3 installed packages in /home/yahboom/uros_ws/install
[10.740s] DEBUG:colcon.colcon_installed_package_information.package_discovery:Found 8 installed packages in /home/yahboom/yahboomcar_ros2_ws/yahboomcar_ws/install
[10.834s] DEBUG:colcon.colcon_installed_package_information.package_discovery:Found 4 installed packages in /home/yahboom/imu_ws/install
[10.921s] DEBUG:colcon.colcon_installed_package_information.package_discovery:Found 2 installed packages in /home/yahboom/gmapping_ws/install
[11.019s] DEBUG:colcon.colcon_installed_package_information.package_discovery:Found 17 installed packages in /home/yahboom/yahboomcar_ws/install
[11.116s] DEBUG:colcon.colcon_installed_package_information.package_discovery:Found 346 installed packages in /opt/ros/humble
[11.124s] Level 1:colcon.colcon_core.package_discovery:discover_packages(prefix_path) using defaults
[11.926s] Level 5:colcon.colcon_core.verb:set package 'simple_maze_bot' build argument 'cmake_args' from command line to 'None'
[11.927s] Level 5:colcon.colcon_core.verb:set package 'simple_maze_bot' build argument 'cmake_target' from command line to 'None'
[11.927s] Level 5:colcon.colcon_core.verb:set package 'simple_maze_bot' build argument 'cmake_target_skip_unavailable' from command line to 'False'
[11.927s] Level 5:colcon.colcon_core.verb:set package 'simple_maze_bot' build argument 'cmake_clean_cache' from command line to 'False'
[11.927s] Level 5:colcon.colcon_core.verb:set package 'simple_maze_bot' build argument 'cmake_clean_first' from command line to 'False'
[11.927s] Level 5:colcon.colcon_core.verb:set package 'simple_maze_bot' build argument 'cmake_force_configure' from command line to 'False'
[11.927s] Level 5:colcon.colcon_core.verb:set package 'simple_maze_bot' build argument 'ament_cmake_args' from command line to 'None'
[11.928s] Level 5:colcon.colcon_core.verb:set package 'simple_maze_bot' build argument 'catkin_cmake_args' from command line to 'None'
[11.928s] Level 5:colcon.colcon_core.verb:set package 'simple_maze_bot' build argument 'catkin_skip_building_tests' from command line to 'False'
[11.928s] DEBUG:colcon.colcon_core.verb:Building package 'simple_maze_bot' with the following arguments: {'ament_cmake_args': None, 'build_base': '/home/yahboom/yahboomcar_ws/src/build/simple_maze_bot', 'catkin_cmake_args': None, 'catkin_skip_building_tests': False, 'cmake_args': None, 'cmake_clean_cache': False, 'cmake_clean_first': False, 'cmake_force_configure': False, 'cmake_target': None, 'cmake_target_skip_unavailable': False, 'install_base': '/home/yahboom/yahboomcar_ws/src/install/simple_maze_bot', 'merge_install': False, 'path': '/home/yahboom/yahboomcar_ws/src/simple_maze_bot', 'symlink_install': False, 'test_result_base': None}
[12.015s] INFO:colcon.colcon_core.executor:Executing jobs using 'parallel' executor
[12.109s] DEBUG:colcon.colcon_parallel_executor.executor.parallel:run_until_complete
[12.111s] INFO:colcon.colcon_ros.task.ament_python.build:Building ROS package in '/home/yahboom/yahboomcar_ws/src/simple_maze_bot' with build type 'ament_python'
[12.112s] Level 1:colcon.colcon_core.shell:create_environment_hook('simple_maze_bot', 'ament_prefix_path')
[12.249s] INFO:colcon.colcon_core.plugin_system:Skipping extension 'colcon_core.shell.bat': Not used on non-Windows systems
[12.250s] INFO:colcon.colcon_core.shell:Creating environment hook '/home/yahboom/yahboomcar_ws/src/install/simple_maze_bot/share/simple_maze_bot/hook/ament_prefix_path.ps1'
[12.267s] INFO:colcon.colcon_core.shell:Creating environment descriptor '/home/yahboom/yahboomcar_ws/src/install/simple_maze_bot/share/simple_maze_bot/hook/ament_prefix_path.dsv'
[12.271s] INFO:colcon.colcon_core.shell:Creating environment hook '/home/yahboom/yahboomcar_ws/src/install/simple_maze_bot/share/simple_maze_bot/hook/ament_prefix_path.sh'
[12.345s] INFO:colcon.colcon_core.shell:Skip shell extension 'powershell' for command environment: Not usable outside of PowerShell
[12.345s] DEBUG:colcon.colcon_core.shell:Skip shell extension 'dsv' for command environment
[14.648s] INFO:colcon.colcon_core.task.python.build:Building Python package in '/home/yahboom/yahboomcar_ws/src/simple_maze_bot'
[14.747s] INFO:colcon.colcon_core.shell:Skip shell extension 'powershell' for command environment: Not usable outside of PowerShell
[14.747s] DEBUG:colcon.colcon_core.shell:Skip shell extension 'dsv' for command environment
[17.680s] DEBUG:colcon.colcon_core.event_handler.log_command:Invoking command in '/home/yahboom/yahboomcar_ws/src/simple_maze_bot': PYTHONPATH=/home/yahboom/yahboomcar_ws/src/build/simple_maze_bot/prefix_override:/home/yahboom/yahboomcar_ws/src/install/simple_maze_bot/lib/python3.10/site-packages:${PYTHONPATH} /usr/bin/python3 setup.py egg_info --egg-base ../build/simple_maze_bot build --build-base /home/yahboom/yahboomcar_ws/src/build/simple_maze_bot/build install --record /home/yahboom/yahboomcar_ws/src/build/simple_maze_bot/install.log --single-version-externally-managed
[19.332s] DEBUG:colcon.colcon_core.event_handler.log_command:Invoked command in '/home/yahboom/yahboomcar_ws/src/simple_maze_bot' returned '1': PYTHONPATH=/home/yahboom/yahboomcar_ws/src/build/simple_maze_bot/prefix_override:/home/yahboom/yahboomcar_ws/src/install/simple_maze_bot/lib/python3.10/site-packages:${PYTHONPATH} /usr/bin/python3 setup.py egg_info --egg-base ../build/simple_maze_bot build --build-base /home/yahboom/yahboomcar_ws/src/build/simple_maze_bot/build install --record /home/yahboom/yahboomcar_ws/src/build/simple_maze_bot/install.log --single-version-externally-managed
[19.343s] DEBUG:colcon.colcon_parallel_executor.executor.parallel:closing loop
[19.344s] DEBUG:colcon.colcon_parallel_executor.executor.parallel:loop closed
[19.344s] DEBUG:colcon.colcon_parallel_executor.executor.parallel:run_until_complete finished with '1'
[19.344s] DEBUG:colcon.colcon_core.event_reactor:joining thread
[19.513s] INFO:colcon.colcon_core.plugin_system:Skipping extension 'colcon_notification.desktop_notification.terminal_notifier': Not used on non-Darwin systems
[19.513s] INFO:colcon.colcon_core.plugin_system:Skipping extension 'colcon_notification.desktop_notification.win32': Not used on non-Windows systems
[19.513s] INFO:colcon.colcon_notification.desktop_notification:Sending desktop notification using 'notify2'
[19.634s] DEBUG:colcon.colcon_core.event_reactor:joined thread
[19.751s] INFO:colcon.colcon_core.shell:Creating prefix script '/home/yahboom/yahboomcar_ws/src/install/local_setup.ps1'
[19.760s] INFO:colcon.colcon_core.shell:Creating prefix util module '/home/yahboom/yahboomcar_ws/src/install/_local_setup_util_ps1.py'
[19.767s] INFO:colcon.colcon_core.shell:Creating prefix chain script '/home/yahboom/yahboomcar_ws/src/install/setup.ps1'
[19.861s] INFO:colcon.colcon_core.shell:Creating prefix script '/home/yahboom/yahboomcar_ws/src/install/local_setup.sh'
[19.868s] INFO:colcon.colcon_core.shell:Creating prefix util module '/home/yahboom/yahboomcar_ws/src/install/_local_setup_util_sh.py'
[19.870s] INFO:colcon.colcon_core.shell:Creating prefix chain script '/home/yahboom/yahboomcar_ws/src/install/setup.sh'
[19.988s] INFO:colcon.colcon_core.shell:Creating prefix script '/home/yahboom/yahboomcar_ws/src/install/local_setup.bash'
[19.994s] INFO:colcon.colcon_core.shell:Creating prefix chain script '/home/yahboom/yahboomcar_ws/src/install/setup.bash'
[20.109s] INFO:colcon.colcon_core.shell:Creating prefix script '/home/yahboom/yahboomcar_ws/src/install/local_setup.zsh'
[20.118s] INFO:colcon.colcon_core.shell:Creating prefix chain script '/home/yahboom/yahboomcar_ws/src/install/setup.zsh'
