[6.646s] DEBUG:colcon:Command line arguments: ['/usr/bin/colcon', 'build', '--packages-select', 'simple_maze_bot']
[6.647s] DEBUG:colcon:Parsed command line arguments: Namespace(log_base=None, log_level=None, verb_name='build', build_base='build', install_base='install', merge_install=False, symlink_install=False, test_result_base=None, continue_on_error=False, executor='parallel', parallel_workers=4, event_handlers=None, ignore_user_meta=False, metas=['./colcon.meta'], base_paths=['.'], packages_ignore=None, packages_ignore_regex=None, paths=None, packages_up_to=None, packages_up_to_regex=None, packages_above=None, packages_above_and_dependencies=None, packages_above_depth=None, packages_select_by_dep=None, packages_skip_by_dep=None, packages_skip_up_to=None, packages_select_build_failed=False, packages_skip_build_finished=False, packages_select_test_failures=False, packages_skip_test_passed=False, packages_select=['simple_maze_bot'], packages_skip=None, packages_select_regex=None, packages_skip_regex=None, packages_start=None, packages_end=None, allow_overriding=[], cmake_args=None, cmake_target=None, cmake_target_skip_unavailable=False, cmake_clean_cache=False, cmake_clean_first=False, cmake_force_configure=False, ament_cmake_args=None, catkin_cmake_args=None, catkin_skip_building_tests=False, verb_parser=<colcon_defaults.argument_parser.defaults.DefaultArgumentsDecorator object at 0x7a7bfddc83d0>, verb_extension=<colcon_core.verb.build.BuildVerb object at 0x7a7bfe085ab0>, main=<bound method BuildVerb.main of <colcon_core.verb.build.BuildVerb object at 0x7a7bfe085ab0>>)
[6.865s] Level 1:colcon.colcon_core.package_discovery:discover_packages(colcon_meta) check parameters
[6.865s] Level 1:colcon.colcon_core.package_discovery:discover_packages(recursive) check parameters
[6.865s] Level 1:colcon.colcon_core.package_discovery:discover_packages(ignore) check parameters
[6.865s] Level 1:colcon.colcon_core.package_discovery:discover_packages(path) check parameters
[6.865s] Level 1:colcon.colcon_core.package_discovery:discover_packages(colcon_meta) discover
[6.865s] Level 1:colcon.colcon_core.package_discovery:discover_packages(recursive) discover
[6.866s] INFO:colcon.colcon_core.package_discovery:Crawling recursively for packages in '/home/yahboom/yahboomcar_ws/src'
[6.866s] Level 1:colcon.colcon_core.package_identification:_identify(.) by extensions ['ignore', 'ignore_ament_install']
[6.866s] Level 1:colcon.colcon_core.package_identification:_identify(.) by extension 'ignore'
[6.867s] Level 1:colcon.colcon_core.package_identification:_identify(.) by extension 'ignore_ament_install'
[6.867s] Level 1:colcon.colcon_core.package_identification:_identify(.) by extensions ['colcon_pkg']
[6.867s] Level 1:colcon.colcon_core.package_identification:_identify(.) by extension 'colcon_pkg'
[6.867s] Level 1:colcon.colcon_core.package_identification:_identify(.) by extensions ['colcon_meta']
[6.868s] Level 1:colcon.colcon_core.package_identification:_identify(.) by extension 'colcon_meta'
[6.868s] Level 1:colcon.colcon_core.package_identification:_identify(.) by extensions ['ros']
[6.868s] Level 1:colcon.colcon_core.package_identification:_identify(.) by extension 'ros'
[6.916s] Level 1:colcon.colcon_core.package_identification:_identify(.) by extensions ['cmake', 'python']
[6.916s] Level 1:colcon.colcon_core.package_identification:_identify(.) by extension 'cmake'
[6.916s] Level 1:colcon.colcon_core.package_identification:_identify(.) by extension 'python'
[6.916s] Level 1:colcon.colcon_core.package_identification:_identify(.) by extensions ['python_setup_py']
[6.916s] Level 1:colcon.colcon_core.package_identification:_identify(.) by extension 'python_setup_py'
[6.917s] Level 1:colcon.colcon_core.package_identification:_identify(build) by extensions ['ignore', 'ignore_ament_install']
[6.917s] Level 1:colcon.colcon_core.package_identification:_identify(build) by extension 'ignore'
[6.917s] Level 1:colcon.colcon_core.package_identification:_identify(build) ignored
[6.917s] Level 1:colcon.colcon_core.package_identification:_identify(install) by extensions ['ignore', 'ignore_ament_install']
[6.917s] Level 1:colcon.colcon_core.package_identification:_identify(install) by extension 'ignore'
[6.917s] Level 1:colcon.colcon_core.package_identification:_identify(install) ignored
[6.918s] Level 1:colcon.colcon_core.package_identification:_identify(laserscan_to_point_publisher) by extensions ['ignore', 'ignore_ament_install']
[6.918s] Level 1:colcon.colcon_core.package_identification:_identify(laserscan_to_point_publisher) by extension 'ignore'
[6.918s] Level 1:colcon.colcon_core.package_identification:_identify(laserscan_to_point_publisher) by extension 'ignore_ament_install'
[6.918s] Level 1:colcon.colcon_core.package_identification:_identify(laserscan_to_point_publisher) by extensions ['colcon_pkg']
[6.918s] Level 1:colcon.colcon_core.package_identification:_identify(laserscan_to_point_publisher) by extension 'colcon_pkg'
[6.918s] Level 1:colcon.colcon_core.package_identification:_identify(laserscan_to_point_publisher) by extensions ['colcon_meta']
[6.919s] Level 1:colcon.colcon_core.package_identification:_identify(laserscan_to_point_publisher) by extension 'colcon_meta'
[6.919s] Level 1:colcon.colcon_core.package_identification:_identify(laserscan_to_point_publisher) by extensions ['ros']
[6.919s] Level 1:colcon.colcon_core.package_identification:_identify(laserscan_to_point_publisher) by extension 'ros'
[6.928s] DEBUG:colcon.colcon_core.package_identification:Package 'laserscan_to_point_publisher' with type 'ros.ament_python' and name 'laserscan_to_point_publisher'
[6.928s] Level 1:colcon.colcon_core.package_identification:_identify(log) by extensions ['ignore', 'ignore_ament_install']
[6.928s] Level 1:colcon.colcon_core.package_identification:_identify(log) by extension 'ignore'
[6.929s] Level 1:colcon.colcon_core.package_identification:_identify(log) ignored
[6.929s] Level 1:colcon.colcon_core.package_identification:_identify(robot_localization) by extensions ['ignore', 'ignore_ament_install']
[6.929s] Level 1:colcon.colcon_core.package_identification:_identify(robot_localization) by extension 'ignore'
[6.930s] Level 1:colcon.colcon_core.package_identification:_identify(robot_localization) by extension 'ignore_ament_install'
[6.930s] Level 1:colcon.colcon_core.package_identification:_identify(robot_localization) by extensions ['colcon_pkg']
[6.930s] Level 1:colcon.colcon_core.package_identification:_identify(robot_localization) by extension 'colcon_pkg'
[6.930s] Level 1:colcon.colcon_core.package_identification:_identify(robot_localization) by extensions ['colcon_meta']
[6.930s] Level 1:colcon.colcon_core.package_identification:_identify(robot_localization) by extension 'colcon_meta'
[6.930s] Level 1:colcon.colcon_core.package_identification:_identify(robot_localization) by extensions ['ros']
[6.931s] Level 1:colcon.colcon_core.package_identification:_identify(robot_localization) by extension 'ros'
[6.937s] DEBUG:colcon.colcon_core.package_identification:Package 'robot_localization' with type 'ros.ament_cmake' and name 'robot_localization'
[6.938s] Level 1:colcon.colcon_core.package_identification:_identify(robot_pose_publisher_ros2) by extensions ['ignore', 'ignore_ament_install']
[6.938s] Level 1:colcon.colcon_core.package_identification:_identify(robot_pose_publisher_ros2) by extension 'ignore'
[6.939s] Level 1:colcon.colcon_core.package_identification:_identify(robot_pose_publisher_ros2) by extension 'ignore_ament_install'
[6.939s] Level 1:colcon.colcon_core.package_identification:_identify(robot_pose_publisher_ros2) by extensions ['colcon_pkg']
[6.939s] Level 1:colcon.colcon_core.package_identification:_identify(robot_pose_publisher_ros2) by extension 'colcon_pkg'
[6.940s] Level 1:colcon.colcon_core.package_identification:_identify(robot_pose_publisher_ros2) by extensions ['colcon_meta']
[6.940s] Level 1:colcon.colcon_core.package_identification:_identify(robot_pose_publisher_ros2) by extension 'colcon_meta'
[6.940s] Level 1:colcon.colcon_core.package_identification:_identify(robot_pose_publisher_ros2) by extensions ['ros']
[6.940s] Level 1:colcon.colcon_core.package_identification:_identify(robot_pose_publisher_ros2) by extension 'ros'
[6.943s] DEBUG:colcon.colcon_core.package_identification:Package 'robot_pose_publisher_ros2' with type 'ros.ament_cmake' and name 'robot_pose_publisher_ros2'
[6.944s] Level 1:colcon.colcon_core.package_identification:_identify(simple_maze_bot) by extensions ['ignore', 'ignore_ament_install']
[6.944s] Level 1:colcon.colcon_core.package_identification:_identify(simple_maze_bot) by extension 'ignore'
[6.944s] Level 1:colcon.colcon_core.package_identification:_identify(simple_maze_bot) by extension 'ignore_ament_install'
[6.945s] Level 1:colcon.colcon_core.package_identification:_identify(simple_maze_bot) by extensions ['colcon_pkg']
[6.945s] Level 1:colcon.colcon_core.package_identification:_identify(simple_maze_bot) by extension 'colcon_pkg'
[6.945s] Level 1:colcon.colcon_core.package_identification:_identify(simple_maze_bot) by extensions ['colcon_meta']
[6.945s] Level 1:colcon.colcon_core.package_identification:_identify(simple_maze_bot) by extension 'colcon_meta'
[6.946s] Level 1:colcon.colcon_core.package_identification:_identify(simple_maze_bot) by extensions ['ros']
[6.946s] Level 1:colcon.colcon_core.package_identification:_identify(simple_maze_bot) by extension 'ros'
[6.950s] DEBUG:colcon.colcon_core.package_identification:Package 'simple_maze_bot' with type 'ros.ament_python' and name 'simple_maze_bot'
[6.950s] Level 1:colcon.colcon_core.package_identification:_identify(yahboom_app_save_map) by extensions ['ignore', 'ignore_ament_install']
[6.951s] Level 1:colcon.colcon_core.package_identification:_identify(yahboom_app_save_map) by extension 'ignore'
[6.951s] Level 1:colcon.colcon_core.package_identification:_identify(yahboom_app_save_map) by extension 'ignore_ament_install'
[6.952s] Level 1:colcon.colcon_core.package_identification:_identify(yahboom_app_save_map) by extensions ['colcon_pkg']
[6.952s] Level 1:colcon.colcon_core.package_identification:_identify(yahboom_app_save_map) by extension 'colcon_pkg'
[6.952s] Level 1:colcon.colcon_core.package_identification:_identify(yahboom_app_save_map) by extensions ['colcon_meta']
[6.952s] Level 1:colcon.colcon_core.package_identification:_identify(yahboom_app_save_map) by extension 'colcon_meta'
[6.953s] Level 1:colcon.colcon_core.package_identification:_identify(yahboom_app_save_map) by extensions ['ros']
[6.953s] Level 1:colcon.colcon_core.package_identification:_identify(yahboom_app_save_map) by extension 'ros'
[6.955s] DEBUG:colcon.colcon_core.package_identification:Package 'yahboom_app_save_map' with type 'ros.ament_python' and name 'yahboom_app_save_map'
[6.955s] Level 1:colcon.colcon_core.package_identification:_identify(yahboom_esp32_camera) by extensions ['ignore', 'ignore_ament_install']
[6.956s] Level 1:colcon.colcon_core.package_identification:_identify(yahboom_esp32_camera) by extension 'ignore'
[6.956s] Level 1:colcon.colcon_core.package_identification:_identify(yahboom_esp32_camera) by extension 'ignore_ament_install'
[6.956s] Level 1:colcon.colcon_core.package_identification:_identify(yahboom_esp32_camera) by extensions ['colcon_pkg']
[6.957s] Level 1:colcon.colcon_core.package_identification:_identify(yahboom_esp32_camera) by extension 'colcon_pkg'
[6.957s] Level 1:colcon.colcon_core.package_identification:_identify(yahboom_esp32_camera) by extensions ['colcon_meta']
[6.957s] Level 1:colcon.colcon_core.package_identification:_identify(yahboom_esp32_camera) by extension 'colcon_meta'
[6.957s] Level 1:colcon.colcon_core.package_identification:_identify(yahboom_esp32_camera) by extensions ['ros']
[6.957s] Level 1:colcon.colcon_core.package_identification:_identify(yahboom_esp32_camera) by extension 'ros'
[6.960s] DEBUG:colcon.colcon_core.package_identification:Package 'yahboom_esp32_camera' with type 'ros.ament_python' and name 'yahboom_esp32_camera'
[6.961s] Level 1:colcon.colcon_core.package_identification:_identify(yahboom_esp32_mediapipe) by extensions ['ignore', 'ignore_ament_install']
[6.961s] Level 1:colcon.colcon_core.package_identification:_identify(yahboom_esp32_mediapipe) by extension 'ignore'
[6.962s] Level 1:colcon.colcon_core.package_identification:_identify(yahboom_esp32_mediapipe) by extension 'ignore_ament_install'
[6.963s] Level 1:colcon.colcon_core.package_identification:_identify(yahboom_esp32_mediapipe) by extensions ['colcon_pkg']
[6.963s] Level 1:colcon.colcon_core.package_identification:_identify(yahboom_esp32_mediapipe) by extension 'colcon_pkg'
[6.963s] Level 1:colcon.colcon_core.package_identification:_identify(yahboom_esp32_mediapipe) by extensions ['colcon_meta']
[6.963s] Level 1:colcon.colcon_core.package_identification:_identify(yahboom_esp32_mediapipe) by extension 'colcon_meta'
[6.964s] Level 1:colcon.colcon_core.package_identification:_identify(yahboom_esp32_mediapipe) by extensions ['ros']
[6.964s] Level 1:colcon.colcon_core.package_identification:_identify(yahboom_esp32_mediapipe) by extension 'ros'
[6.966s] DEBUG:colcon.colcon_core.package_identification:Package 'yahboom_esp32_mediapipe' with type 'ros.ament_python' and name 'yahboom_esp32_mediapipe'
[6.966s] Level 1:colcon.colcon_core.package_identification:_identify(yahboom_esp32ai_car) by extensions ['ignore', 'ignore_ament_install']
[6.967s] Level 1:colcon.colcon_core.package_identification:_identify(yahboom_esp32ai_car) by extension 'ignore'
[6.967s] Level 1:colcon.colcon_core.package_identification:_identify(yahboom_esp32ai_car) by extension 'ignore_ament_install'
[6.967s] Level 1:colcon.colcon_core.package_identification:_identify(yahboom_esp32ai_car) by extensions ['colcon_pkg']
[6.968s] Level 1:colcon.colcon_core.package_identification:_identify(yahboom_esp32ai_car) by extension 'colcon_pkg'
[6.968s] Level 1:colcon.colcon_core.package_identification:_identify(yahboom_esp32ai_car) by extensions ['colcon_meta']
[6.968s] Level 1:colcon.colcon_core.package_identification:_identify(yahboom_esp32ai_car) by extension 'colcon_meta'
[6.968s] Level 1:colcon.colcon_core.package_identification:_identify(yahboom_esp32ai_car) by extensions ['ros']
[6.968s] Level 1:colcon.colcon_core.package_identification:_identify(yahboom_esp32ai_car) by extension 'ros'
[6.972s] DEBUG:colcon.colcon_core.package_identification:Package 'yahboom_esp32ai_car' with type 'ros.ament_python' and name 'yahboom_esp32ai_car'
[6.973s] Level 1:colcon.colcon_core.package_identification:_identify(yahboom_web_savmap_interfaces) by extensions ['ignore', 'ignore_ament_install']
[6.973s] Level 1:colcon.colcon_core.package_identification:_identify(yahboom_web_savmap_interfaces) by extension 'ignore'
[6.974s] Level 1:colcon.colcon_core.package_identification:_identify(yahboom_web_savmap_interfaces) by extension 'ignore_ament_install'
[6.974s] Level 1:colcon.colcon_core.package_identification:_identify(yahboom_web_savmap_interfaces) by extensions ['colcon_pkg']
[6.974s] Level 1:colcon.colcon_core.package_identification:_identify(yahboom_web_savmap_interfaces) by extension 'colcon_pkg'
[6.975s] Level 1:colcon.colcon_core.package_identification:_identify(yahboom_web_savmap_interfaces) by extensions ['colcon_meta']
[6.975s] Level 1:colcon.colcon_core.package_identification:_identify(yahboom_web_savmap_interfaces) by extension 'colcon_meta'
[6.976s] Level 1:colcon.colcon_core.package_identification:_identify(yahboom_web_savmap_interfaces) by extensions ['ros']
[6.976s] Level 1:colcon.colcon_core.package_identification:_identify(yahboom_web_savmap_interfaces) by extension 'ros'
[6.978s] DEBUG:colcon.colcon_core.package_identification:Package 'yahboom_web_savmap_interfaces' with type 'ros.ament_cmake' and name 'yahboom_web_savmap_interfaces'
[6.979s] Level 1:colcon.colcon_core.package_identification:_identify(yahboomcar_base_node) by extensions ['ignore', 'ignore_ament_install']
[6.979s] Level 1:colcon.colcon_core.package_identification:_identify(yahboomcar_base_node) by extension 'ignore'
[6.980s] Level 1:colcon.colcon_core.package_identification:_identify(yahboomcar_base_node) by extension 'ignore_ament_install'
[6.980s] Level 1:colcon.colcon_core.package_identification:_identify(yahboomcar_base_node) by extensions ['colcon_pkg']
[6.980s] Level 1:colcon.colcon_core.package_identification:_identify(yahboomcar_base_node) by extension 'colcon_pkg'
[6.980s] Level 1:colcon.colcon_core.package_identification:_identify(yahboomcar_base_node) by extensions ['colcon_meta']
[6.980s] Level 1:colcon.colcon_core.package_identification:_identify(yahboomcar_base_node) by extension 'colcon_meta'
[6.981s] Level 1:colcon.colcon_core.package_identification:_identify(yahboomcar_base_node) by extensions ['ros']
[6.981s] Level 1:colcon.colcon_core.package_identification:_identify(yahboomcar_base_node) by extension 'ros'
[6.983s] DEBUG:colcon.colcon_core.package_identification:Package 'yahboomcar_base_node' with type 'ros.ament_cmake' and name 'yahboomcar_base_node'
[6.983s] Level 1:colcon.colcon_core.package_identification:_identify(yahboomcar_bringup) by extensions ['ignore', 'ignore_ament_install']
[6.984s] Level 1:colcon.colcon_core.package_identification:_identify(yahboomcar_bringup) by extension 'ignore'
[6.984s] Level 1:colcon.colcon_core.package_identification:_identify(yahboomcar_bringup) by extension 'ignore_ament_install'
[6.984s] Level 1:colcon.colcon_core.package_identification:_identify(yahboomcar_bringup) by extensions ['colcon_pkg']
[6.984s] Level 1:colcon.colcon_core.package_identification:_identify(yahboomcar_bringup) by extension 'colcon_pkg'
[6.984s] Level 1:colcon.colcon_core.package_identification:_identify(yahboomcar_bringup) by extensions ['colcon_meta']
[6.985s] Level 1:colcon.colcon_core.package_identification:_identify(yahboomcar_bringup) by extension 'colcon_meta'
[6.985s] Level 1:colcon.colcon_core.package_identification:_identify(yahboomcar_bringup) by extensions ['ros']
[6.985s] Level 1:colcon.colcon_core.package_identification:_identify(yahboomcar_bringup) by extension 'ros'
[6.987s] DEBUG:colcon.colcon_core.package_identification:Package 'yahboomcar_bringup' with type 'ros.ament_python' and name 'yahboomcar_bringup'
[6.988s] Level 1:colcon.colcon_core.package_identification:_identify(yahboomcar_ctrl) by extensions ['ignore', 'ignore_ament_install']
[6.988s] Level 1:colcon.colcon_core.package_identification:_identify(yahboomcar_ctrl) by extension 'ignore'
[6.989s] Level 1:colcon.colcon_core.package_identification:_identify(yahboomcar_ctrl) by extension 'ignore_ament_install'
[6.989s] Level 1:colcon.colcon_core.package_identification:_identify(yahboomcar_ctrl) by extensions ['colcon_pkg']
[6.989s] Level 1:colcon.colcon_core.package_identification:_identify(yahboomcar_ctrl) by extension 'colcon_pkg'
[6.989s] Level 1:colcon.colcon_core.package_identification:_identify(yahboomcar_ctrl) by extensions ['colcon_meta']
[6.989s] Level 1:colcon.colcon_core.package_identification:_identify(yahboomcar_ctrl) by extension 'colcon_meta'
[6.989s] Level 1:colcon.colcon_core.package_identification:_identify(yahboomcar_ctrl) by extensions ['ros']
[6.990s] Level 1:colcon.colcon_core.package_identification:_identify(yahboomcar_ctrl) by extension 'ros'
[6.991s] DEBUG:colcon.colcon_core.package_identification:Package 'yahboomcar_ctrl' with type 'ros.ament_python' and name 'yahboomcar_ctrl'
[6.992s] Level 1:colcon.colcon_core.package_identification:_identify(yahboomcar_description) by extensions ['ignore', 'ignore_ament_install']
[6.992s] Level 1:colcon.colcon_core.package_identification:_identify(yahboomcar_description) by extension 'ignore'
[6.992s] Level 1:colcon.colcon_core.package_identification:_identify(yahboomcar_description) by extension 'ignore_ament_install'
[6.993s] Level 1:colcon.colcon_core.package_identification:_identify(yahboomcar_description) by extensions ['colcon_pkg']
[6.993s] Level 1:colcon.colcon_core.package_identification:_identify(yahboomcar_description) by extension 'colcon_pkg'
[6.993s] Level 1:colcon.colcon_core.package_identification:_identify(yahboomcar_description) by extensions ['colcon_meta']
[6.993s] Level 1:colcon.colcon_core.package_identification:_identify(yahboomcar_description) by extension 'colcon_meta'
[6.994s] Level 1:colcon.colcon_core.package_identification:_identify(yahboomcar_description) by extensions ['ros']
[6.994s] Level 1:colcon.colcon_core.package_identification:_identify(yahboomcar_description) by extension 'ros'
[6.996s] DEBUG:colcon.colcon_core.package_identification:Package 'yahboomcar_description' with type 'ros.ament_python' and name 'yahboomcar_description'
[6.996s] Level 1:colcon.colcon_core.package_identification:_identify(yahboomcar_laser) by extensions ['ignore', 'ignore_ament_install']
[6.997s] Level 1:colcon.colcon_core.package_identification:_identify(yahboomcar_laser) by extension 'ignore'
[6.997s] Level 1:colcon.colcon_core.package_identification:_identify(yahboomcar_laser) by extension 'ignore_ament_install'
[6.998s] Level 1:colcon.colcon_core.package_identification:_identify(yahboomcar_laser) by extensions ['colcon_pkg']
[6.998s] Level 1:colcon.colcon_core.package_identification:_identify(yahboomcar_laser) by extension 'colcon_pkg'
[6.998s] Level 1:colcon.colcon_core.package_identification:_identify(yahboomcar_laser) by extensions ['colcon_meta']
[6.998s] Level 1:colcon.colcon_core.package_identification:_identify(yahboomcar_laser) by extension 'colcon_meta'
[6.998s] Level 1:colcon.colcon_core.package_identification:_identify(yahboomcar_laser) by extensions ['ros']
[6.998s] Level 1:colcon.colcon_core.package_identification:_identify(yahboomcar_laser) by extension 'ros'
[7.002s] DEBUG:colcon.colcon_core.package_identification:Package 'yahboomcar_laser' with type 'ros.ament_python' and name 'yahboomcar_laser'
[7.003s] Level 1:colcon.colcon_core.package_identification:_identify(yahboomcar_msgs) by extensions ['ignore', 'ignore_ament_install']
[7.003s] Level 1:colcon.colcon_core.package_identification:_identify(yahboomcar_msgs) by extension 'ignore'
[7.003s] Level 1:colcon.colcon_core.package_identification:_identify(yahboomcar_msgs) by extension 'ignore_ament_install'
[7.004s] Level 1:colcon.colcon_core.package_identification:_identify(yahboomcar_msgs) by extensions ['colcon_pkg']
[7.004s] Level 1:colcon.colcon_core.package_identification:_identify(yahboomcar_msgs) by extension 'colcon_pkg'
[7.004s] Level 1:colcon.colcon_core.package_identification:_identify(yahboomcar_msgs) by extensions ['colcon_meta']
[7.004s] Level 1:colcon.colcon_core.package_identification:_identify(yahboomcar_msgs) by extension 'colcon_meta'
[7.004s] Level 1:colcon.colcon_core.package_identification:_identify(yahboomcar_msgs) by extensions ['ros']
[7.005s] Level 1:colcon.colcon_core.package_identification:_identify(yahboomcar_msgs) by extension 'ros'
[7.008s] DEBUG:colcon.colcon_core.package_identification:Package 'yahboomcar_msgs' with type 'ros.ament_cmake' and name 'yahboomcar_msgs'
[7.008s] Level 1:colcon.colcon_core.package_identification:_identify(yahboomcar_multi) by extensions ['ignore', 'ignore_ament_install']
[7.009s] Level 1:colcon.colcon_core.package_identification:_identify(yahboomcar_multi) by extension 'ignore'
[7.009s] Level 1:colcon.colcon_core.package_identification:_identify(yahboomcar_multi) by extension 'ignore_ament_install'
[7.010s] Level 1:colcon.colcon_core.package_identification:_identify(yahboomcar_multi) by extensions ['colcon_pkg']
[7.010s] Level 1:colcon.colcon_core.package_identification:_identify(yahboomcar_multi) by extension 'colcon_pkg'
[7.010s] Level 1:colcon.colcon_core.package_identification:_identify(yahboomcar_multi) by extensions ['colcon_meta']
[7.011s] Level 1:colcon.colcon_core.package_identification:_identify(yahboomcar_multi) by extension 'colcon_meta'
[7.011s] Level 1:colcon.colcon_core.package_identification:_identify(yahboomcar_multi) by extensions ['ros']
[7.011s] Level 1:colcon.colcon_core.package_identification:_identify(yahboomcar_multi) by extension 'ros'
[7.013s] DEBUG:colcon.colcon_core.package_identification:Package 'yahboomcar_multi' with type 'ros.ament_python' and name 'yahboomcar_multi'
[7.014s] Level 1:colcon.colcon_core.package_identification:_identify(yahboomcar_nav) by extensions ['ignore', 'ignore_ament_install']
[7.014s] Level 1:colcon.colcon_core.package_identification:_identify(yahboomcar_nav) by extension 'ignore'
[7.015s] Level 1:colcon.colcon_core.package_identification:_identify(yahboomcar_nav) by extension 'ignore_ament_install'
[7.015s] Level 1:colcon.colcon_core.package_identification:_identify(yahboomcar_nav) by extensions ['colcon_pkg']
[7.015s] Level 1:colcon.colcon_core.package_identification:_identify(yahboomcar_nav) by extension 'colcon_pkg'
[7.016s] Level 1:colcon.colcon_core.package_identification:_identify(yahboomcar_nav) by extensions ['colcon_meta']
[7.016s] Level 1:colcon.colcon_core.package_identification:_identify(yahboomcar_nav) by extension 'colcon_meta'
[7.016s] Level 1:colcon.colcon_core.package_identification:_identify(yahboomcar_nav) by extensions ['ros']
[7.017s] Level 1:colcon.colcon_core.package_identification:_identify(yahboomcar_nav) by extension 'ros'
[7.018s] DEBUG:colcon.colcon_core.package_identification:Package 'yahboomcar_nav' with type 'ros.ament_python' and name 'yahboomcar_nav'
[7.019s] Level 1:colcon.colcon_core.package_discovery:discover_packages(recursive) using defaults
[7.019s] Level 1:colcon.colcon_core.package_discovery:discover_packages(ignore) discover
[7.019s] Level 1:colcon.colcon_core.package_discovery:discover_packages(ignore) using defaults
[7.020s] Level 1:colcon.colcon_core.package_discovery:discover_packages(path) discover
[7.020s] Level 1:colcon.colcon_core.package_discovery:discover_packages(path) using defaults
[7.426s] INFO:colcon.colcon_core.package_selection:Skipping not selected package 'laserscan_to_point_publisher' in 'laserscan_to_point_publisher'
[7.426s] INFO:colcon.colcon_core.package_selection:Skipping not selected package 'robot_localization' in 'robot_localization'
[7.426s] INFO:colcon.colcon_core.package_selection:Skipping not selected package 'robot_pose_publisher_ros2' in 'robot_pose_publisher_ros2'
[7.426s] INFO:colcon.colcon_core.package_selection:Skipping not selected package 'yahboom_app_save_map' in 'yahboom_app_save_map'
[7.427s] INFO:colcon.colcon_core.package_selection:Skipping not selected package 'yahboom_esp32_camera' in 'yahboom_esp32_camera'
[7.427s] INFO:colcon.colcon_core.package_selection:Skipping not selected package 'yahboom_esp32_mediapipe' in 'yahboom_esp32_mediapipe'
[7.427s] INFO:colcon.colcon_core.package_selection:Skipping not selected package 'yahboom_esp32ai_car' in 'yahboom_esp32ai_car'
[7.428s] INFO:colcon.colcon_core.package_selection:Skipping not selected package 'yahboom_web_savmap_interfaces' in 'yahboom_web_savmap_interfaces'
[7.428s] INFO:colcon.colcon_core.package_selection:Skipping not selected package 'yahboomcar_base_node' in 'yahboomcar_base_node'
[7.428s] INFO:colcon.colcon_core.package_selection:Skipping not selected package 'yahboomcar_bringup' in 'yahboomcar_bringup'
[7.428s] INFO:colcon.colcon_core.package_selection:Skipping not selected package 'yahboomcar_ctrl' in 'yahboomcar_ctrl'
[7.428s] INFO:colcon.colcon_core.package_selection:Skipping not selected package 'yahboomcar_description' in 'yahboomcar_description'
[7.428s] INFO:colcon.colcon_core.package_selection:Skipping not selected package 'yahboomcar_laser' in 'yahboomcar_laser'
[7.429s] INFO:colcon.colcon_core.package_selection:Skipping not selected package 'yahboomcar_msgs' in 'yahboomcar_msgs'
[7.429s] INFO:colcon.colcon_core.package_selection:Skipping not selected package 'yahboomcar_multi' in 'yahboomcar_multi'
[7.429s] INFO:colcon.colcon_core.package_selection:Skipping not selected package 'yahboomcar_nav' in 'yahboomcar_nav'
[7.620s] Level 1:colcon.colcon_core.package_discovery:discover_packages(prefix_path) check parameters
[7.621s] Level 1:colcon.colcon_core.package_discovery:discover_packages(prefix_path) discover
[7.853s] DEBUG:colcon.colcon_installed_package_information.package_discovery:Found 3 installed packages in /home/yahboom/uros_ws/install
[7.957s] DEBUG:colcon.colcon_installed_package_information.package_discovery:Found 8 installed packages in /home/yahboom/yahboomcar_ros2_ws/yahboomcar_ws/install
[8.051s] DEBUG:colcon.colcon_installed_package_information.package_discovery:Found 4 installed packages in /home/yahboom/imu_ws/install
[8.154s] DEBUG:colcon.colcon_installed_package_information.package_discovery:Found 2 installed packages in /home/yahboom/gmapping_ws/install
[8.261s] DEBUG:colcon.colcon_installed_package_information.package_discovery:Found 16 installed packages in /home/yahboom/yahboomcar_ws/install
[8.373s] DEBUG:colcon.colcon_installed_package_information.package_discovery:Found 346 installed packages in /opt/ros/humble
[8.381s] Level 1:colcon.colcon_core.package_discovery:discover_packages(prefix_path) using defaults
[8.961s] Level 5:colcon.colcon_core.verb:set package 'simple_maze_bot' build argument 'cmake_args' from command line to 'None'
[8.961s] Level 5:colcon.colcon_core.verb:set package 'simple_maze_bot' build argument 'cmake_target' from command line to 'None'
[8.961s] Level 5:colcon.colcon_core.verb:set package 'simple_maze_bot' build argument 'cmake_target_skip_unavailable' from command line to 'False'
[8.961s] Level 5:colcon.colcon_core.verb:set package 'simple_maze_bot' build argument 'cmake_clean_cache' from command line to 'False'
[8.961s] Level 5:colcon.colcon_core.verb:set package 'simple_maze_bot' build argument 'cmake_clean_first' from command line to 'False'
[8.962s] Level 5:colcon.colcon_core.verb:set package 'simple_maze_bot' build argument 'cmake_force_configure' from command line to 'False'
[8.962s] Level 5:colcon.colcon_core.verb:set package 'simple_maze_bot' build argument 'ament_cmake_args' from command line to 'None'
[8.962s] Level 5:colcon.colcon_core.verb:set package 'simple_maze_bot' build argument 'catkin_cmake_args' from command line to 'None'
[8.962s] Level 5:colcon.colcon_core.verb:set package 'simple_maze_bot' build argument 'catkin_skip_building_tests' from command line to 'False'
[8.962s] DEBUG:colcon.colcon_core.verb:Building package 'simple_maze_bot' with the following arguments: {'ament_cmake_args': None, 'build_base': '/home/yahboom/yahboomcar_ws/src/build/simple_maze_bot', 'catkin_cmake_args': None, 'catkin_skip_building_tests': False, 'cmake_args': None, 'cmake_clean_cache': False, 'cmake_clean_first': False, 'cmake_force_configure': False, 'cmake_target': None, 'cmake_target_skip_unavailable': False, 'install_base': '/home/yahboom/yahboomcar_ws/src/install/simple_maze_bot', 'merge_install': False, 'path': '/home/yahboom/yahboomcar_ws/src/simple_maze_bot', 'symlink_install': False, 'test_result_base': None}
[9.061s] INFO:colcon.colcon_core.executor:Executing jobs using 'parallel' executor
[9.161s] DEBUG:colcon.colcon_parallel_executor.executor.parallel:run_until_complete
[9.162s] INFO:colcon.colcon_ros.task.ament_python.build:Building ROS package in '/home/yahboom/yahboomcar_ws/src/simple_maze_bot' with build type 'ament_python'
[9.163s] Level 1:colcon.colcon_core.shell:create_environment_hook('simple_maze_bot', 'ament_prefix_path')
[9.301s] INFO:colcon.colcon_core.plugin_system:Skipping extension 'colcon_core.shell.bat': Not used on non-Windows systems
[9.302s] INFO:colcon.colcon_core.shell:Creating environment hook '/home/yahboom/yahboomcar_ws/src/install/simple_maze_bot/share/simple_maze_bot/hook/ament_prefix_path.ps1'
[9.305s] INFO:colcon.colcon_core.shell:Creating environment descriptor '/home/yahboom/yahboomcar_ws/src/install/simple_maze_bot/share/simple_maze_bot/hook/ament_prefix_path.dsv'
[9.308s] INFO:colcon.colcon_core.shell:Creating environment hook '/home/yahboom/yahboomcar_ws/src/install/simple_maze_bot/share/simple_maze_bot/hook/ament_prefix_path.sh'
[9.406s] INFO:colcon.colcon_core.shell:Skip shell extension 'powershell' for command environment: Not usable outside of PowerShell
[9.406s] DEBUG:colcon.colcon_core.shell:Skip shell extension 'dsv' for command environment
[11.806s] INFO:colcon.colcon_core.task.python.build:Building Python package in '/home/yahboom/yahboomcar_ws/src/simple_maze_bot'
[11.875s] INFO:colcon.colcon_core.shell:Skip shell extension 'powershell' for command environment: Not usable outside of PowerShell
[11.876s] DEBUG:colcon.colcon_core.shell:Skip shell extension 'dsv' for command environment
[14.636s] DEBUG:colcon.colcon_core.event_handler.log_command:Invoking command in '/home/yahboom/yahboomcar_ws/src/simple_maze_bot': PYTHONPATH=/home/yahboom/yahboomcar_ws/src/build/simple_maze_bot/prefix_override:/home/yahboom/yahboomcar_ws/src/install/simple_maze_bot/lib/python3.10/site-packages:${PYTHONPATH} /usr/bin/python3 setup.py egg_info --egg-base ../build/simple_maze_bot build --build-base /home/yahboom/yahboomcar_ws/src/build/simple_maze_bot/build install --record /home/yahboom/yahboomcar_ws/src/build/simple_maze_bot/install.log --single-version-externally-managed
[16.386s] DEBUG:colcon.colcon_core.event_handler.log_command:Invoked command in '/home/yahboom/yahboomcar_ws/src/simple_maze_bot' returned '1': PYTHONPATH=/home/yahboom/yahboomcar_ws/src/build/simple_maze_bot/prefix_override:/home/yahboom/yahboomcar_ws/src/install/simple_maze_bot/lib/python3.10/site-packages:${PYTHONPATH} /usr/bin/python3 setup.py egg_info --egg-base ../build/simple_maze_bot build --build-base /home/yahboom/yahboomcar_ws/src/build/simple_maze_bot/build install --record /home/yahboom/yahboomcar_ws/src/build/simple_maze_bot/install.log --single-version-externally-managed
[16.387s] DEBUG:colcon.colcon_parallel_executor.executor.parallel:closing loop
[16.391s] DEBUG:colcon.colcon_parallel_executor.executor.parallel:loop closed
[16.391s] DEBUG:colcon.colcon_parallel_executor.executor.parallel:run_until_complete finished with '1'
[16.391s] DEBUG:colcon.colcon_core.event_reactor:joining thread
[16.519s] INFO:colcon.colcon_core.plugin_system:Skipping extension 'colcon_notification.desktop_notification.terminal_notifier': Not used on non-Darwin systems
[16.520s] INFO:colcon.colcon_core.plugin_system:Skipping extension 'colcon_notification.desktop_notification.win32': Not used on non-Windows systems
[16.520s] INFO:colcon.colcon_notification.desktop_notification:Sending desktop notification using 'notify2'
[16.585s] DEBUG:colcon.colcon_core.event_reactor:joined thread
[16.721s] INFO:colcon.colcon_core.shell:Creating prefix script '/home/yahboom/yahboomcar_ws/src/install/local_setup.ps1'
[16.724s] INFO:colcon.colcon_core.shell:Creating prefix util module '/home/yahboom/yahboomcar_ws/src/install/_local_setup_util_ps1.py'
[16.728s] INFO:colcon.colcon_core.shell:Creating prefix chain script '/home/yahboom/yahboomcar_ws/src/install/setup.ps1'
[16.812s] INFO:colcon.colcon_core.shell:Creating prefix script '/home/yahboom/yahboomcar_ws/src/install/local_setup.sh'
[16.817s] INFO:colcon.colcon_core.shell:Creating prefix util module '/home/yahboom/yahboomcar_ws/src/install/_local_setup_util_sh.py'
[16.819s] INFO:colcon.colcon_core.shell:Creating prefix chain script '/home/yahboom/yahboomcar_ws/src/install/setup.sh'
[16.916s] INFO:colcon.colcon_core.shell:Creating prefix script '/home/yahboom/yahboomcar_ws/src/install/local_setup.bash'
[16.918s] INFO:colcon.colcon_core.shell:Creating prefix chain script '/home/yahboom/yahboomcar_ws/src/install/setup.bash'
[17.035s] INFO:colcon.colcon_core.shell:Creating prefix script '/home/yahboom/yahboomcar_ws/src/install/local_setup.zsh'
[17.039s] INFO:colcon.colcon_core.shell:Creating prefix chain script '/home/yahboom/yahboomcar_ws/src/install/setup.zsh'
