[5.645s] Invoking command in '/home/yahboom/yahboomcar_ws/src/simple_maze_bot': PYTHONPATH=/home/yahboom/yahboomcar_ws/src/build/simple_maze_bot/prefix_override:/home/yahboom/yahboomcar_ws/src/install/simple_maze_bot/lib/python3.10/site-packages:${PYTHONPATH} /usr/bin/python3 setup.py egg_info --egg-base ../build/simple_maze_bot build --build-base /home/yahboom/yahboomcar_ws/src/build/simple_maze_bot/build install --record /home/yahboom/yahboomcar_ws/src/build/simple_maze_bot/install.log --single-version-externally-managed
[7.286s] running egg_info
[7.289s] creating ../build/simple_maze_bot/simple_maze_bot.egg-info
[7.291s] writing ../build/simple_maze_bot/simple_maze_bot.egg-info/PKG-INFO
[7.293s] writing dependency_links to ../build/simple_maze_bot/simple_maze_bot.egg-info/dependency_links.txt
[7.293s] writing entry points to ../build/simple_maze_bot/simple_maze_bot.egg-info/entry_points.txt
[7.294s] writing requirements to ../build/simple_maze_bot/simple_maze_bot.egg-info/requires.txt
[7.295s] writing top-level names to ../build/simple_maze_bot/simple_maze_bot.egg-info/top_level.txt
[7.295s] writing manifest file '../build/simple_maze_bot/simple_maze_bot.egg-info/SOURCES.txt'
[7.305s] reading manifest file '../build/simple_maze_bot/simple_maze_bot.egg-info/SOURCES.txt'
[7.311s] writing manifest file '../build/simple_maze_bot/simple_maze_bot.egg-info/SOURCES.txt'
[7.311s] running build
[7.311s] running build_py
[7.312s] creating /home/yahboom/yahboomcar_ws/src/build/simple_maze_bot/build
[7.313s] creating /home/yahboom/yahboomcar_ws/src/build/simple_maze_bot/build/lib
[7.313s] creating /home/yahboom/yahboomcar_ws/src/build/simple_maze_bot/build/lib/simple_maze_bot
[7.314s] copying simple_maze_bot/__init__.py -> /home/yahboom/yahboomcar_ws/src/build/simple_maze_bot/build/lib/simple_maze_bot
[7.315s] creating /home/yahboom/yahboomcar_ws/src/build/simple_maze_bot/build/lib/simple_maze_bot/scripts
[7.315s] copying simple_maze_bot/scripts/go_to_start.py -> /home/yahboom/yahboomcar_ws/src/build/simple_maze_bot/build/lib/simple_maze_bot/scripts
[7.315s] copying simple_maze_bot/scripts/start_maze_task.py -> /home/yahboom/yahboomcar_ws/src/build/simple_maze_bot/build/lib/simple_maze_bot/scripts
[7.317s] copying simple_maze_bot/scripts/__init__.py -> /home/yahboom/yahboomcar_ws/src/build/simple_maze_bot/build/lib/simple_maze_bot/scripts
[7.318s] running install
[7.319s] running install_lib
[7.320s] creating /home/yahboom/yahboomcar_ws/src/install/simple_maze_bot/lib/python3.10/site-packages/simple_maze_bot
[7.321s] creating /home/yahboom/yahboomcar_ws/src/install/simple_maze_bot/lib/python3.10/site-packages/simple_maze_bot/scripts
[7.321s] copying /home/yahboom/yahboomcar_ws/src/build/simple_maze_bot/build/lib/simple_maze_bot/scripts/go_to_start.py -> /home/yahboom/yahboomcar_ws/src/install/simple_maze_bot/lib/python3.10/site-packages/simple_maze_bot/scripts
[7.322s] copying /home/yahboom/yahboomcar_ws/src/build/simple_maze_bot/build/lib/simple_maze_bot/scripts/start_maze_task.py -> /home/yahboom/yahboomcar_ws/src/install/simple_maze_bot/lib/python3.10/site-packages/simple_maze_bot/scripts
[7.323s] copying /home/yahboom/yahboomcar_ws/src/build/simple_maze_bot/build/lib/simple_maze_bot/scripts/__init__.py -> /home/yahboom/yahboomcar_ws/src/install/simple_maze_bot/lib/python3.10/site-packages/simple_maze_bot/scripts
[7.324s] copying /home/yahboom/yahboomcar_ws/src/build/simple_maze_bot/build/lib/simple_maze_bot/__init__.py -> /home/yahboom/yahboomcar_ws/src/install/simple_maze_bot/lib/python3.10/site-packages/simple_maze_bot
[7.330s] byte-compiling /home/yahboom/yahboomcar_ws/src/install/simple_maze_bot/lib/python3.10/site-packages/simple_maze_bot/scripts/go_to_start.py to go_to_start.cpython-310.pyc
[7.332s] byte-compiling /home/yahboom/yahboomcar_ws/src/install/simple_maze_bot/lib/python3.10/site-packages/simple_maze_bot/scripts/start_maze_task.py to start_maze_task.cpython-310.pyc
[7.340s] byte-compiling /home/yahboom/yahboomcar_ws/src/install/simple_maze_bot/lib/python3.10/site-packages/simple_maze_bot/scripts/__init__.py to __init__.cpython-310.pyc
[7.341s] byte-compiling /home/yahboom/yahboomcar_ws/src/install/simple_maze_bot/lib/python3.10/site-packages/simple_maze_bot/__init__.py to __init__.cpython-310.pyc
[7.341s] running install_data
[7.342s] creating /home/yahboom/yahboomcar_ws/src/install/simple_maze_bot/share/ament_index
[7.345s] creating /home/yahboom/yahboomcar_ws/src/install/simple_maze_bot/share/ament_index/resource_index
[7.346s] creating /home/yahboom/yahboomcar_ws/src/install/simple_maze_bot/share/ament_index/resource_index/packages
[7.346s] error: can't copy 'resource/simple_maze_bot': doesn't exist or not a regular file
[7.409s] Invoked command in '/home/yahboom/yahboomcar_ws/src/simple_maze_bot' returned '1': PYTHONPATH=/home/yahboom/yahboomcar_ws/src/build/simple_maze_bot/prefix_override:/home/yahboom/yahboomcar_ws/src/install/simple_maze_bot/lib/python3.10/site-packages:${PYTHONPATH} /usr/bin/python3 setup.py egg_info --egg-base ../build/simple_maze_bot build --build-base /home/yahboom/yahboomcar_ws/src/build/simple_maze_bot/build install --record /home/yahboom/yahboomcar_ws/src/build/simple_maze_bot/install.log --single-version-externally-managed
