running egg_info
writing ../build/simple_maze_bot/simple_maze_bot.egg-info/PKG-INFO
writing dependency_links to ../build/simple_maze_bot/simple_maze_bot.egg-info/dependency_links.txt
writing entry points to ../build/simple_maze_bot/simple_maze_bot.egg-info/entry_points.txt
writing requirements to ../build/simple_maze_bot/simple_maze_bot.egg-info/requires.txt
writing top-level names to ../build/simple_maze_bot/simple_maze_bot.egg-info/top_level.txt
reading manifest file '../build/simple_maze_bot/simple_maze_bot.egg-info/SOURCES.txt'
writing manifest file '../build/simple_maze_bot/simple_maze_bot.egg-info/SOURCES.txt'
running build
running build_py
creating /home/yahboom/yahboomcar_ws/src/build/simple_maze_bot/build
creating /home/yahboom/yahboomcar_ws/src/build/simple_maze_bot/build/lib
creating /home/yahboom/yahboomcar_ws/src/build/simple_maze_bot/build/lib/simple_maze_bot
copying simple_maze_bot/__init__.py -> /home/yahboom/yahboomcar_ws/src/build/simple_maze_bot/build/lib/simple_maze_bot
running install
running install_lib
creating /home/yahboom/yahboomcar_ws/src/install/simple_maze_bot/lib/python3.10/site-packages/simple_maze_bot
copying /home/yahboom/yahboomcar_ws/src/build/simple_maze_bot/build/lib/simple_maze_bot/__init__.py -> /home/yahboom/yahboomcar_ws/src/install/simple_maze_bot/lib/python3.10/site-packages/simple_maze_bot
byte-compiling /home/yahboom/yahboomcar_ws/src/install/simple_maze_bot/lib/python3.10/site-packages/simple_maze_bot/__init__.py to __init__.cpython-310.pyc
running install_data
creating /home/yahboom/yahboomcar_ws/src/install/simple_maze_bot/share/ament_index
creating /home/yahboom/yahboomcar_ws/src/install/simple_maze_bot/share/ament_index/resource_index
creating /home/yahboom/yahboomcar_ws/src/install/simple_maze_bot/share/ament_index/resource_index/packages
error: can't copy 'resource/simple_maze_bot': doesn't exist or not a regular file
