[7.070s] DEBUG:colcon:Command line arguments: ['/usr/bin/colcon', 'build', '--packages-select', 'simple_maze_bot']
[7.071s] DEBUG:colcon:Parsed command line arguments: Namespace(log_base=None, log_level=None, verb_name='build', build_base='build', install_base='install', merge_install=False, symlink_install=False, test_result_base=None, continue_on_error=False, executor='parallel', parallel_workers=4, event_handlers=None, ignore_user_meta=False, metas=['./colcon.meta'], base_paths=['.'], packages_ignore=None, packages_ignore_regex=None, paths=None, packages_up_to=None, packages_up_to_regex=None, packages_above=None, packages_above_and_dependencies=None, packages_above_depth=None, packages_select_by_dep=None, packages_skip_by_dep=None, packages_skip_up_to=None, packages_select_build_failed=False, packages_skip_build_finished=False, packages_select_test_failures=False, packages_skip_test_passed=False, packages_select=['simple_maze_bot'], packages_skip=None, packages_select_regex=None, packages_skip_regex=None, packages_start=None, packages_end=None, allow_overriding=[], cmake_args=None, cmake_target=None, cmake_target_skip_unavailable=False, cmake_clean_cache=False, cmake_clean_first=False, cmake_force_configure=False, ament_cmake_args=None, catkin_cmake_args=None, catkin_skip_building_tests=False, verb_parser=<colcon_defaults.argument_parser.defaults.DefaultArgumentsDecorator object at 0x771574dbf880>, verb_extension=<colcon_core.verb.build.BuildVerb object at 0x771575079180>, main=<bound method BuildVerb.main of <colcon_core.verb.build.BuildVerb object at 0x771575079180>>)
[7.360s] Level 1:colcon.colcon_core.package_discovery:discover_packages(colcon_meta) check parameters
[7.361s] Level 1:colcon.colcon_core.package_discovery:discover_packages(recursive) check parameters
[7.361s] Level 1:colcon.colcon_core.package_discovery:discover_packages(ignore) check parameters
[7.361s] Level 1:colcon.colcon_core.package_discovery:discover_packages(path) check parameters
[7.361s] Level 1:colcon.colcon_core.package_discovery:discover_packages(colcon_meta) discover
[7.361s] Level 1:colcon.colcon_core.package_discovery:discover_packages(recursive) discover
[7.361s] INFO:colcon.colcon_core.package_discovery:Crawling recursively for packages in '/home/yahboom/yahboomcar_ws/src'
[7.362s] Level 1:colcon.colcon_core.package_identification:_identify(.) by extensions ['ignore', 'ignore_ament_install']
[7.362s] Level 1:colcon.colcon_core.package_identification:_identify(.) by extension 'ignore'
[7.362s] Level 1:colcon.colcon_core.package_identification:_identify(.) by extension 'ignore_ament_install'
[7.362s] Level 1:colcon.colcon_core.package_identification:_identify(.) by extensions ['colcon_pkg']
[7.363s] Level 1:colcon.colcon_core.package_identification:_identify(.) by extension 'colcon_pkg'
[7.363s] Level 1:colcon.colcon_core.package_identification:_identify(.) by extensions ['colcon_meta']
[7.363s] Level 1:colcon.colcon_core.package_identification:_identify(.) by extension 'colcon_meta'
[7.363s] Level 1:colcon.colcon_core.package_identification:_identify(.) by extensions ['ros']
[7.363s] Level 1:colcon.colcon_core.package_identification:_identify(.) by extension 'ros'
[7.416s] Level 1:colcon.colcon_core.package_identification:_identify(.) by extensions ['cmake', 'python']
[7.417s] Level 1:colcon.colcon_core.package_identification:_identify(.) by extension 'cmake'
[7.417s] Level 1:colcon.colcon_core.package_identification:_identify(.) by extension 'python'
[7.417s] Level 1:colcon.colcon_core.package_identification:_identify(.) by extensions ['python_setup_py']
[7.417s] Level 1:colcon.colcon_core.package_identification:_identify(.) by extension 'python_setup_py'
[7.418s] Level 1:colcon.colcon_core.package_identification:_identify(build) by extensions ['ignore', 'ignore_ament_install']
[7.418s] Level 1:colcon.colcon_core.package_identification:_identify(build) by extension 'ignore'
[7.418s] Level 1:colcon.colcon_core.package_identification:_identify(build) ignored
[7.419s] Level 1:colcon.colcon_core.package_identification:_identify(install) by extensions ['ignore', 'ignore_ament_install']
[7.420s] Level 1:colcon.colcon_core.package_identification:_identify(install) by extension 'ignore'
[7.420s] Level 1:colcon.colcon_core.package_identification:_identify(install) ignored
[7.420s] Level 1:colcon.colcon_core.package_identification:_identify(laserscan_to_point_publisher) by extensions ['ignore', 'ignore_ament_install']
[7.421s] Level 1:colcon.colcon_core.package_identification:_identify(laserscan_to_point_publisher) by extension 'ignore'
[7.421s] Level 1:colcon.colcon_core.package_identification:_identify(laserscan_to_point_publisher) by extension 'ignore_ament_install'
[7.421s] Level 1:colcon.colcon_core.package_identification:_identify(laserscan_to_point_publisher) by extensions ['colcon_pkg']
[7.421s] Level 1:colcon.colcon_core.package_identification:_identify(laserscan_to_point_publisher) by extension 'colcon_pkg'
[7.422s] Level 1:colcon.colcon_core.package_identification:_identify(laserscan_to_point_publisher) by extensions ['colcon_meta']
[7.424s] Level 1:colcon.colcon_core.package_identification:_identify(laserscan_to_point_publisher) by extension 'colcon_meta'
[7.424s] Level 1:colcon.colcon_core.package_identification:_identify(laserscan_to_point_publisher) by extensions ['ros']
[7.425s] Level 1:colcon.colcon_core.package_identification:_identify(laserscan_to_point_publisher) by extension 'ros'
[7.438s] DEBUG:colcon.colcon_core.package_identification:Package 'laserscan_to_point_publisher' with type 'ros.ament_python' and name 'laserscan_to_point_publisher'
[7.438s] Level 1:colcon.colcon_core.package_identification:_identify(log) by extensions ['ignore', 'ignore_ament_install']
[7.439s] Level 1:colcon.colcon_core.package_identification:_identify(log) by extension 'ignore'
[7.440s] Level 1:colcon.colcon_core.package_identification:_identify(log) ignored
[7.441s] Level 1:colcon.colcon_core.package_identification:_identify(robot_localization) by extensions ['ignore', 'ignore_ament_install']
[7.442s] Level 1:colcon.colcon_core.package_identification:_identify(robot_localization) by extension 'ignore'
[7.442s] Level 1:colcon.colcon_core.package_identification:_identify(robot_localization) by extension 'ignore_ament_install'
[7.443s] Level 1:colcon.colcon_core.package_identification:_identify(robot_localization) by extensions ['colcon_pkg']
[7.443s] Level 1:colcon.colcon_core.package_identification:_identify(robot_localization) by extension 'colcon_pkg'
[7.443s] Level 1:colcon.colcon_core.package_identification:_identify(robot_localization) by extensions ['colcon_meta']
[7.443s] Level 1:colcon.colcon_core.package_identification:_identify(robot_localization) by extension 'colcon_meta'
[7.444s] Level 1:colcon.colcon_core.package_identification:_identify(robot_localization) by extensions ['ros']
[7.444s] Level 1:colcon.colcon_core.package_identification:_identify(robot_localization) by extension 'ros'
[7.453s] DEBUG:colcon.colcon_core.package_identification:Package 'robot_localization' with type 'ros.ament_cmake' and name 'robot_localization'
[7.453s] Level 1:colcon.colcon_core.package_identification:_identify(robot_pose_publisher_ros2) by extensions ['ignore', 'ignore_ament_install']
[7.453s] Level 1:colcon.colcon_core.package_identification:_identify(robot_pose_publisher_ros2) by extension 'ignore'
[7.454s] Level 1:colcon.colcon_core.package_identification:_identify(robot_pose_publisher_ros2) by extension 'ignore_ament_install'
[7.454s] Level 1:colcon.colcon_core.package_identification:_identify(robot_pose_publisher_ros2) by extensions ['colcon_pkg']
[7.454s] Level 1:colcon.colcon_core.package_identification:_identify(robot_pose_publisher_ros2) by extension 'colcon_pkg'
[7.455s] Level 1:colcon.colcon_core.package_identification:_identify(robot_pose_publisher_ros2) by extensions ['colcon_meta']
[7.455s] Level 1:colcon.colcon_core.package_identification:_identify(robot_pose_publisher_ros2) by extension 'colcon_meta'
[7.455s] Level 1:colcon.colcon_core.package_identification:_identify(robot_pose_publisher_ros2) by extensions ['ros']
[7.455s] Level 1:colcon.colcon_core.package_identification:_identify(robot_pose_publisher_ros2) by extension 'ros'
[7.458s] DEBUG:colcon.colcon_core.package_identification:Package 'robot_pose_publisher_ros2' with type 'ros.ament_cmake' and name 'robot_pose_publisher_ros2'
[7.459s] Level 1:colcon.colcon_core.package_identification:_identify(simple_maze_bot) by extensions ['ignore', 'ignore_ament_install']
[7.459s] Level 1:colcon.colcon_core.package_identification:_identify(simple_maze_bot) by extension 'ignore'
[7.459s] Level 1:colcon.colcon_core.package_identification:_identify(simple_maze_bot) by extension 'ignore_ament_install'
[7.460s] Level 1:colcon.colcon_core.package_identification:_identify(simple_maze_bot) by extensions ['colcon_pkg']
[7.460s] Level 1:colcon.colcon_core.package_identification:_identify(simple_maze_bot) by extension 'colcon_pkg'
[7.460s] Level 1:colcon.colcon_core.package_identification:_identify(simple_maze_bot) by extensions ['colcon_meta']
[7.461s] Level 1:colcon.colcon_core.package_identification:_identify(simple_maze_bot) by extension 'colcon_meta'
[7.461s] Level 1:colcon.colcon_core.package_identification:_identify(simple_maze_bot) by extensions ['ros']
[7.461s] Level 1:colcon.colcon_core.package_identification:_identify(simple_maze_bot) by extension 'ros'
[7.464s] DEBUG:colcon.colcon_core.package_identification:Package 'simple_maze_bot' with type 'ros.ament_python' and name 'simple_maze_bot'
[7.464s] Level 1:colcon.colcon_core.package_identification:_identify(yahboom_app_save_map) by extensions ['ignore', 'ignore_ament_install']
[7.465s] Level 1:colcon.colcon_core.package_identification:_identify(yahboom_app_save_map) by extension 'ignore'
[7.466s] Level 1:colcon.colcon_core.package_identification:_identify(yahboom_app_save_map) by extension 'ignore_ament_install'
[7.467s] Level 1:colcon.colcon_core.package_identification:_identify(yahboom_app_save_map) by extensions ['colcon_pkg']
[7.467s] Level 1:colcon.colcon_core.package_identification:_identify(yahboom_app_save_map) by extension 'colcon_pkg'
[7.467s] Level 1:colcon.colcon_core.package_identification:_identify(yahboom_app_save_map) by extensions ['colcon_meta']
[7.468s] Level 1:colcon.colcon_core.package_identification:_identify(yahboom_app_save_map) by extension 'colcon_meta'
[7.468s] Level 1:colcon.colcon_core.package_identification:_identify(yahboom_app_save_map) by extensions ['ros']
[7.469s] Level 1:colcon.colcon_core.package_identification:_identify(yahboom_app_save_map) by extension 'ros'
[7.471s] DEBUG:colcon.colcon_core.package_identification:Package 'yahboom_app_save_map' with type 'ros.ament_python' and name 'yahboom_app_save_map'
[7.471s] Level 1:colcon.colcon_core.package_identification:_identify(yahboom_esp32_camera) by extensions ['ignore', 'ignore_ament_install']
[7.472s] Level 1:colcon.colcon_core.package_identification:_identify(yahboom_esp32_camera) by extension 'ignore'
[7.472s] Level 1:colcon.colcon_core.package_identification:_identify(yahboom_esp32_camera) by extension 'ignore_ament_install'
[7.472s] Level 1:colcon.colcon_core.package_identification:_identify(yahboom_esp32_camera) by extensions ['colcon_pkg']
[7.472s] Level 1:colcon.colcon_core.package_identification:_identify(yahboom_esp32_camera) by extension 'colcon_pkg'
[7.473s] Level 1:colcon.colcon_core.package_identification:_identify(yahboom_esp32_camera) by extensions ['colcon_meta']
[7.473s] Level 1:colcon.colcon_core.package_identification:_identify(yahboom_esp32_camera) by extension 'colcon_meta'
[7.473s] Level 1:colcon.colcon_core.package_identification:_identify(yahboom_esp32_camera) by extensions ['ros']
[7.473s] Level 1:colcon.colcon_core.package_identification:_identify(yahboom_esp32_camera) by extension 'ros'
[7.475s] DEBUG:colcon.colcon_core.package_identification:Package 'yahboom_esp32_camera' with type 'ros.ament_python' and name 'yahboom_esp32_camera'
[7.476s] Level 1:colcon.colcon_core.package_identification:_identify(yahboom_esp32_mediapipe) by extensions ['ignore', 'ignore_ament_install']
[7.477s] Level 1:colcon.colcon_core.package_identification:_identify(yahboom_esp32_mediapipe) by extension 'ignore'
[7.477s] Level 1:colcon.colcon_core.package_identification:_identify(yahboom_esp32_mediapipe) by extension 'ignore_ament_install'
[7.477s] Level 1:colcon.colcon_core.package_identification:_identify(yahboom_esp32_mediapipe) by extensions ['colcon_pkg']
[7.477s] Level 1:colcon.colcon_core.package_identification:_identify(yahboom_esp32_mediapipe) by extension 'colcon_pkg'
[7.478s] Level 1:colcon.colcon_core.package_identification:_identify(yahboom_esp32_mediapipe) by extensions ['colcon_meta']
[7.478s] Level 1:colcon.colcon_core.package_identification:_identify(yahboom_esp32_mediapipe) by extension 'colcon_meta'
[7.478s] Level 1:colcon.colcon_core.package_identification:_identify(yahboom_esp32_mediapipe) by extensions ['ros']
[7.479s] Level 1:colcon.colcon_core.package_identification:_identify(yahboom_esp32_mediapipe) by extension 'ros'
[7.483s] DEBUG:colcon.colcon_core.package_identification:Package 'yahboom_esp32_mediapipe' with type 'ros.ament_python' and name 'yahboom_esp32_mediapipe'
[7.484s] Level 1:colcon.colcon_core.package_identification:_identify(yahboom_esp32ai_car) by extensions ['ignore', 'ignore_ament_install']
[7.484s] Level 1:colcon.colcon_core.package_identification:_identify(yahboom_esp32ai_car) by extension 'ignore'
[7.484s] Level 1:colcon.colcon_core.package_identification:_identify(yahboom_esp32ai_car) by extension 'ignore_ament_install'
[7.485s] Level 1:colcon.colcon_core.package_identification:_identify(yahboom_esp32ai_car) by extensions ['colcon_pkg']
[7.485s] Level 1:colcon.colcon_core.package_identification:_identify(yahboom_esp32ai_car) by extension 'colcon_pkg'
[7.485s] Level 1:colcon.colcon_core.package_identification:_identify(yahboom_esp32ai_car) by extensions ['colcon_meta']
[7.485s] Level 1:colcon.colcon_core.package_identification:_identify(yahboom_esp32ai_car) by extension 'colcon_meta'
[7.485s] Level 1:colcon.colcon_core.package_identification:_identify(yahboom_esp32ai_car) by extensions ['ros']
[7.486s] Level 1:colcon.colcon_core.package_identification:_identify(yahboom_esp32ai_car) by extension 'ros'
[7.488s] DEBUG:colcon.colcon_core.package_identification:Package 'yahboom_esp32ai_car' with type 'ros.ament_python' and name 'yahboom_esp32ai_car'
[7.488s] Level 1:colcon.colcon_core.package_identification:_identify(yahboom_web_savmap_interfaces) by extensions ['ignore', 'ignore_ament_install']
[7.489s] Level 1:colcon.colcon_core.package_identification:_identify(yahboom_web_savmap_interfaces) by extension 'ignore'
[7.489s] Level 1:colcon.colcon_core.package_identification:_identify(yahboom_web_savmap_interfaces) by extension 'ignore_ament_install'
[7.489s] Level 1:colcon.colcon_core.package_identification:_identify(yahboom_web_savmap_interfaces) by extensions ['colcon_pkg']
[7.489s] Level 1:colcon.colcon_core.package_identification:_identify(yahboom_web_savmap_interfaces) by extension 'colcon_pkg'
[7.489s] Level 1:colcon.colcon_core.package_identification:_identify(yahboom_web_savmap_interfaces) by extensions ['colcon_meta']
[7.489s] Level 1:colcon.colcon_core.package_identification:_identify(yahboom_web_savmap_interfaces) by extension 'colcon_meta'
[7.490s] Level 1:colcon.colcon_core.package_identification:_identify(yahboom_web_savmap_interfaces) by extensions ['ros']
[7.490s] Level 1:colcon.colcon_core.package_identification:_identify(yahboom_web_savmap_interfaces) by extension 'ros'
[7.492s] DEBUG:colcon.colcon_core.package_identification:Package 'yahboom_web_savmap_interfaces' with type 'ros.ament_cmake' and name 'yahboom_web_savmap_interfaces'
[7.492s] Level 1:colcon.colcon_core.package_identification:_identify(yahboomcar_base_node) by extensions ['ignore', 'ignore_ament_install']
[7.493s] Level 1:colcon.colcon_core.package_identification:_identify(yahboomcar_base_node) by extension 'ignore'
[7.494s] Level 1:colcon.colcon_core.package_identification:_identify(yahboomcar_base_node) by extension 'ignore_ament_install'
[7.494s] Level 1:colcon.colcon_core.package_identification:_identify(yahboomcar_base_node) by extensions ['colcon_pkg']
[7.495s] Level 1:colcon.colcon_core.package_identification:_identify(yahboomcar_base_node) by extension 'colcon_pkg'
[7.495s] Level 1:colcon.colcon_core.package_identification:_identify(yahboomcar_base_node) by extensions ['colcon_meta']
[7.495s] Level 1:colcon.colcon_core.package_identification:_identify(yahboomcar_base_node) by extension 'colcon_meta'
[7.496s] Level 1:colcon.colcon_core.package_identification:_identify(yahboomcar_base_node) by extensions ['ros']
[7.496s] Level 1:colcon.colcon_core.package_identification:_identify(yahboomcar_base_node) by extension 'ros'
[7.498s] DEBUG:colcon.colcon_core.package_identification:Package 'yahboomcar_base_node' with type 'ros.ament_cmake' and name 'yahboomcar_base_node'
[7.500s] Level 1:colcon.colcon_core.package_identification:_identify(yahboomcar_bringup) by extensions ['ignore', 'ignore_ament_install']
[7.501s] Level 1:colcon.colcon_core.package_identification:_identify(yahboomcar_bringup) by extension 'ignore'
[7.501s] Level 1:colcon.colcon_core.package_identification:_identify(yahboomcar_bringup) by extension 'ignore_ament_install'
[7.502s] Level 1:colcon.colcon_core.package_identification:_identify(yahboomcar_bringup) by extensions ['colcon_pkg']
[7.502s] Level 1:colcon.colcon_core.package_identification:_identify(yahboomcar_bringup) by extension 'colcon_pkg'
[7.502s] Level 1:colcon.colcon_core.package_identification:_identify(yahboomcar_bringup) by extensions ['colcon_meta']
[7.502s] Level 1:colcon.colcon_core.package_identification:_identify(yahboomcar_bringup) by extension 'colcon_meta'
[7.502s] Level 1:colcon.colcon_core.package_identification:_identify(yahboomcar_bringup) by extensions ['ros']
[7.502s] Level 1:colcon.colcon_core.package_identification:_identify(yahboomcar_bringup) by extension 'ros'
[7.505s] DEBUG:colcon.colcon_core.package_identification:Package 'yahboomcar_bringup' with type 'ros.ament_python' and name 'yahboomcar_bringup'
[7.506s] Level 1:colcon.colcon_core.package_identification:_identify(yahboomcar_ctrl) by extensions ['ignore', 'ignore_ament_install']
[7.506s] Level 1:colcon.colcon_core.package_identification:_identify(yahboomcar_ctrl) by extension 'ignore'
[7.506s] Level 1:colcon.colcon_core.package_identification:_identify(yahboomcar_ctrl) by extension 'ignore_ament_install'
[7.507s] Level 1:colcon.colcon_core.package_identification:_identify(yahboomcar_ctrl) by extensions ['colcon_pkg']
[7.507s] Level 1:colcon.colcon_core.package_identification:_identify(yahboomcar_ctrl) by extension 'colcon_pkg'
[7.507s] Level 1:colcon.colcon_core.package_identification:_identify(yahboomcar_ctrl) by extensions ['colcon_meta']
[7.507s] Level 1:colcon.colcon_core.package_identification:_identify(yahboomcar_ctrl) by extension 'colcon_meta'
[7.508s] Level 1:colcon.colcon_core.package_identification:_identify(yahboomcar_ctrl) by extensions ['ros']
[7.508s] Level 1:colcon.colcon_core.package_identification:_identify(yahboomcar_ctrl) by extension 'ros'
[7.511s] DEBUG:colcon.colcon_core.package_identification:Package 'yahboomcar_ctrl' with type 'ros.ament_python' and name 'yahboomcar_ctrl'
[7.512s] Level 1:colcon.colcon_core.package_identification:_identify(yahboomcar_description) by extensions ['ignore', 'ignore_ament_install']
[7.512s] Level 1:colcon.colcon_core.package_identification:_identify(yahboomcar_description) by extension 'ignore'
[7.512s] Level 1:colcon.colcon_core.package_identification:_identify(yahboomcar_description) by extension 'ignore_ament_install'
[7.512s] Level 1:colcon.colcon_core.package_identification:_identify(yahboomcar_description) by extensions ['colcon_pkg']
[7.513s] Level 1:colcon.colcon_core.package_identification:_identify(yahboomcar_description) by extension 'colcon_pkg'
[7.513s] Level 1:colcon.colcon_core.package_identification:_identify(yahboomcar_description) by extensions ['colcon_meta']
[7.513s] Level 1:colcon.colcon_core.package_identification:_identify(yahboomcar_description) by extension 'colcon_meta'
[7.513s] Level 1:colcon.colcon_core.package_identification:_identify(yahboomcar_description) by extensions ['ros']
[7.513s] Level 1:colcon.colcon_core.package_identification:_identify(yahboomcar_description) by extension 'ros'
[7.516s] DEBUG:colcon.colcon_core.package_identification:Package 'yahboomcar_description' with type 'ros.ament_python' and name 'yahboomcar_description'
[7.517s] Level 1:colcon.colcon_core.package_identification:_identify(yahboomcar_laser) by extensions ['ignore', 'ignore_ament_install']
[7.517s] Level 1:colcon.colcon_core.package_identification:_identify(yahboomcar_laser) by extension 'ignore'
[7.518s] Level 1:colcon.colcon_core.package_identification:_identify(yahboomcar_laser) by extension 'ignore_ament_install'
[7.518s] Level 1:colcon.colcon_core.package_identification:_identify(yahboomcar_laser) by extensions ['colcon_pkg']
[7.518s] Level 1:colcon.colcon_core.package_identification:_identify(yahboomcar_laser) by extension 'colcon_pkg'
[7.518s] Level 1:colcon.colcon_core.package_identification:_identify(yahboomcar_laser) by extensions ['colcon_meta']
[7.518s] Level 1:colcon.colcon_core.package_identification:_identify(yahboomcar_laser) by extension 'colcon_meta'
[7.519s] Level 1:colcon.colcon_core.package_identification:_identify(yahboomcar_laser) by extensions ['ros']
[7.519s] Level 1:colcon.colcon_core.package_identification:_identify(yahboomcar_laser) by extension 'ros'
[7.521s] DEBUG:colcon.colcon_core.package_identification:Package 'yahboomcar_laser' with type 'ros.ament_python' and name 'yahboomcar_laser'
[7.522s] Level 1:colcon.colcon_core.package_identification:_identify(yahboomcar_msgs) by extensions ['ignore', 'ignore_ament_install']
[7.522s] Level 1:colcon.colcon_core.package_identification:_identify(yahboomcar_msgs) by extension 'ignore'
[7.523s] Level 1:colcon.colcon_core.package_identification:_identify(yahboomcar_msgs) by extension 'ignore_ament_install'
[7.523s] Level 1:colcon.colcon_core.package_identification:_identify(yahboomcar_msgs) by extensions ['colcon_pkg']
[7.523s] Level 1:colcon.colcon_core.package_identification:_identify(yahboomcar_msgs) by extension 'colcon_pkg'
[7.523s] Level 1:colcon.colcon_core.package_identification:_identify(yahboomcar_msgs) by extensions ['colcon_meta']
[7.523s] Level 1:colcon.colcon_core.package_identification:_identify(yahboomcar_msgs) by extension 'colcon_meta'
[7.525s] Level 1:colcon.colcon_core.package_identification:_identify(yahboomcar_msgs) by extensions ['ros']
[7.525s] Level 1:colcon.colcon_core.package_identification:_identify(yahboomcar_msgs) by extension 'ros'
[7.527s] DEBUG:colcon.colcon_core.package_identification:Package 'yahboomcar_msgs' with type 'ros.ament_cmake' and name 'yahboomcar_msgs'
[7.527s] Level 1:colcon.colcon_core.package_identification:_identify(yahboomcar_multi) by extensions ['ignore', 'ignore_ament_install']
[7.527s] Level 1:colcon.colcon_core.package_identification:_identify(yahboomcar_multi) by extension 'ignore'
[7.528s] Level 1:colcon.colcon_core.package_identification:_identify(yahboomcar_multi) by extension 'ignore_ament_install'
[7.528s] Level 1:colcon.colcon_core.package_identification:_identify(yahboomcar_multi) by extensions ['colcon_pkg']
[7.528s] Level 1:colcon.colcon_core.package_identification:_identify(yahboomcar_multi) by extension 'colcon_pkg'
[7.528s] Level 1:colcon.colcon_core.package_identification:_identify(yahboomcar_multi) by extensions ['colcon_meta']
[7.528s] Level 1:colcon.colcon_core.package_identification:_identify(yahboomcar_multi) by extension 'colcon_meta'
[7.528s] Level 1:colcon.colcon_core.package_identification:_identify(yahboomcar_multi) by extensions ['ros']
[7.529s] Level 1:colcon.colcon_core.package_identification:_identify(yahboomcar_multi) by extension 'ros'
[7.530s] DEBUG:colcon.colcon_core.package_identification:Package 'yahboomcar_multi' with type 'ros.ament_python' and name 'yahboomcar_multi'
[7.530s] Level 1:colcon.colcon_core.package_identification:_identify(yahboomcar_nav) by extensions ['ignore', 'ignore_ament_install']
[7.531s] Level 1:colcon.colcon_core.package_identification:_identify(yahboomcar_nav) by extension 'ignore'
[7.531s] Level 1:colcon.colcon_core.package_identification:_identify(yahboomcar_nav) by extension 'ignore_ament_install'
[7.531s] Level 1:colcon.colcon_core.package_identification:_identify(yahboomcar_nav) by extensions ['colcon_pkg']
[7.532s] Level 1:colcon.colcon_core.package_identification:_identify(yahboomcar_nav) by extension 'colcon_pkg'
[7.532s] Level 1:colcon.colcon_core.package_identification:_identify(yahboomcar_nav) by extensions ['colcon_meta']
[7.532s] Level 1:colcon.colcon_core.package_identification:_identify(yahboomcar_nav) by extension 'colcon_meta'
[7.532s] Level 1:colcon.colcon_core.package_identification:_identify(yahboomcar_nav) by extensions ['ros']
[7.532s] Level 1:colcon.colcon_core.package_identification:_identify(yahboomcar_nav) by extension 'ros'
[7.534s] DEBUG:colcon.colcon_core.package_identification:Package 'yahboomcar_nav' with type 'ros.ament_python' and name 'yahboomcar_nav'
[7.534s] Level 1:colcon.colcon_core.package_discovery:discover_packages(recursive) using defaults
[7.534s] Level 1:colcon.colcon_core.package_discovery:discover_packages(ignore) discover
[7.534s] Level 1:colcon.colcon_core.package_discovery:discover_packages(ignore) using defaults
[7.535s] Level 1:colcon.colcon_core.package_discovery:discover_packages(path) discover
[7.535s] Level 1:colcon.colcon_core.package_discovery:discover_packages(path) using defaults
[7.940s] INFO:colcon.colcon_core.package_selection:Skipping not selected package 'laserscan_to_point_publisher' in 'laserscan_to_point_publisher'
[7.940s] INFO:colcon.colcon_core.package_selection:Skipping not selected package 'robot_localization' in 'robot_localization'
[7.940s] INFO:colcon.colcon_core.package_selection:Skipping not selected package 'robot_pose_publisher_ros2' in 'robot_pose_publisher_ros2'
[7.940s] INFO:colcon.colcon_core.package_selection:Skipping not selected package 'yahboom_app_save_map' in 'yahboom_app_save_map'
[7.940s] INFO:colcon.colcon_core.package_selection:Skipping not selected package 'yahboom_esp32_camera' in 'yahboom_esp32_camera'
[7.941s] INFO:colcon.colcon_core.package_selection:Skipping not selected package 'yahboom_esp32_mediapipe' in 'yahboom_esp32_mediapipe'
[7.941s] INFO:colcon.colcon_core.package_selection:Skipping not selected package 'yahboom_esp32ai_car' in 'yahboom_esp32ai_car'
[7.941s] INFO:colcon.colcon_core.package_selection:Skipping not selected package 'yahboom_web_savmap_interfaces' in 'yahboom_web_savmap_interfaces'
[7.941s] INFO:colcon.colcon_core.package_selection:Skipping not selected package 'yahboomcar_base_node' in 'yahboomcar_base_node'
[7.941s] INFO:colcon.colcon_core.package_selection:Skipping not selected package 'yahboomcar_bringup' in 'yahboomcar_bringup'
[7.941s] INFO:colcon.colcon_core.package_selection:Skipping not selected package 'yahboomcar_ctrl' in 'yahboomcar_ctrl'
[7.941s] INFO:colcon.colcon_core.package_selection:Skipping not selected package 'yahboomcar_description' in 'yahboomcar_description'
[7.942s] INFO:colcon.colcon_core.package_selection:Skipping not selected package 'yahboomcar_laser' in 'yahboomcar_laser'
[7.942s] INFO:colcon.colcon_core.package_selection:Skipping not selected package 'yahboomcar_msgs' in 'yahboomcar_msgs'
[7.942s] INFO:colcon.colcon_core.package_selection:Skipping not selected package 'yahboomcar_multi' in 'yahboomcar_multi'
[7.942s] INFO:colcon.colcon_core.package_selection:Skipping not selected package 'yahboomcar_nav' in 'yahboomcar_nav'
[8.146s] Level 1:colcon.colcon_core.package_discovery:discover_packages(prefix_path) check parameters
[8.146s] Level 1:colcon.colcon_core.package_discovery:discover_packages(prefix_path) discover
[8.397s] DEBUG:colcon.colcon_installed_package_information.package_discovery:Found 3 installed packages in /home/yahboom/uros_ws/install
[8.510s] DEBUG:colcon.colcon_installed_package_information.package_discovery:Found 8 installed packages in /home/yahboom/yahboomcar_ros2_ws/yahboomcar_ws/install
[8.606s] DEBUG:colcon.colcon_installed_package_information.package_discovery:Found 4 installed packages in /home/yahboom/imu_ws/install
[8.682s] DEBUG:colcon.colcon_installed_package_information.package_discovery:Found 2 installed packages in /home/yahboom/gmapping_ws/install
[8.806s] DEBUG:colcon.colcon_installed_package_information.package_discovery:Found 16 installed packages in /home/yahboom/yahboomcar_ws/install
[8.922s] DEBUG:colcon.colcon_installed_package_information.package_discovery:Found 346 installed packages in /opt/ros/humble
[8.929s] Level 1:colcon.colcon_core.package_discovery:discover_packages(prefix_path) using defaults
[9.507s] Level 5:colcon.colcon_core.verb:set package 'simple_maze_bot' build argument 'cmake_args' from command line to 'None'
[9.508s] Level 5:colcon.colcon_core.verb:set package 'simple_maze_bot' build argument 'cmake_target' from command line to 'None'
[9.508s] Level 5:colcon.colcon_core.verb:set package 'simple_maze_bot' build argument 'cmake_target_skip_unavailable' from command line to 'False'
[9.508s] Level 5:colcon.colcon_core.verb:set package 'simple_maze_bot' build argument 'cmake_clean_cache' from command line to 'False'
[9.508s] Level 5:colcon.colcon_core.verb:set package 'simple_maze_bot' build argument 'cmake_clean_first' from command line to 'False'
[9.508s] Level 5:colcon.colcon_core.verb:set package 'simple_maze_bot' build argument 'cmake_force_configure' from command line to 'False'
[9.508s] Level 5:colcon.colcon_core.verb:set package 'simple_maze_bot' build argument 'ament_cmake_args' from command line to 'None'
[9.508s] Level 5:colcon.colcon_core.verb:set package 'simple_maze_bot' build argument 'catkin_cmake_args' from command line to 'None'
[9.509s] Level 5:colcon.colcon_core.verb:set package 'simple_maze_bot' build argument 'catkin_skip_building_tests' from command line to 'False'
[9.509s] DEBUG:colcon.colcon_core.verb:Building package 'simple_maze_bot' with the following arguments: {'ament_cmake_args': None, 'build_base': '/home/yahboom/yahboomcar_ws/src/build/simple_maze_bot', 'catkin_cmake_args': None, 'catkin_skip_building_tests': False, 'cmake_args': None, 'cmake_clean_cache': False, 'cmake_clean_first': False, 'cmake_force_configure': False, 'cmake_target': None, 'cmake_target_skip_unavailable': False, 'install_base': '/home/yahboom/yahboomcar_ws/src/install/simple_maze_bot', 'merge_install': False, 'path': '/home/yahboom/yahboomcar_ws/src/simple_maze_bot', 'symlink_install': False, 'test_result_base': None}
[9.593s] INFO:colcon.colcon_core.executor:Executing jobs using 'parallel' executor
[9.657s] DEBUG:colcon.colcon_parallel_executor.executor.parallel:run_until_complete
[9.657s] INFO:colcon.colcon_ros.task.ament_python.build:Building ROS package in '/home/yahboom/yahboomcar_ws/src/simple_maze_bot' with build type 'ament_python'
[9.658s] Level 1:colcon.colcon_core.shell:create_environment_hook('simple_maze_bot', 'ament_prefix_path')
[9.789s] INFO:colcon.colcon_core.plugin_system:Skipping extension 'colcon_core.shell.bat': Not used on non-Windows systems
[9.790s] INFO:colcon.colcon_core.shell:Creating environment hook '/home/yahboom/yahboomcar_ws/src/install/simple_maze_bot/share/simple_maze_bot/hook/ament_prefix_path.ps1'
[9.793s] INFO:colcon.colcon_core.shell:Creating environment descriptor '/home/yahboom/yahboomcar_ws/src/install/simple_maze_bot/share/simple_maze_bot/hook/ament_prefix_path.dsv'
[9.795s] INFO:colcon.colcon_core.shell:Creating environment hook '/home/yahboom/yahboomcar_ws/src/install/simple_maze_bot/share/simple_maze_bot/hook/ament_prefix_path.sh'
[9.886s] INFO:colcon.colcon_core.shell:Skip shell extension 'powershell' for command environment: Not usable outside of PowerShell
[9.886s] DEBUG:colcon.colcon_core.shell:Skip shell extension 'dsv' for command environment
[12.287s] INFO:colcon.colcon_core.task.python.build:Building Python package in '/home/yahboom/yahboomcar_ws/src/simple_maze_bot'
[12.397s] INFO:colcon.colcon_core.shell:Skip shell extension 'powershell' for command environment: Not usable outside of PowerShell
[12.399s] DEBUG:colcon.colcon_core.shell:Skip shell extension 'dsv' for command environment
[15.262s] DEBUG:colcon.colcon_core.event_handler.log_command:Invoking command in '/home/yahboom/yahboomcar_ws/src/simple_maze_bot': PYTHONPATH=/home/yahboom/yahboomcar_ws/src/build/simple_maze_bot/prefix_override:/home/yahboom/yahboomcar_ws/src/install/simple_maze_bot/lib/python3.10/site-packages:${PYTHONPATH} /usr/bin/python3 setup.py egg_info --egg-base ../build/simple_maze_bot build --build-base /home/yahboom/yahboomcar_ws/src/build/simple_maze_bot/build install --record /home/yahboom/yahboomcar_ws/src/build/simple_maze_bot/install.log --single-version-externally-managed
[16.918s] DEBUG:colcon.colcon_core.event_handler.log_command:Invoked command in '/home/yahboom/yahboomcar_ws/src/simple_maze_bot' returned '1': PYTHONPATH=/home/yahboom/yahboomcar_ws/src/build/simple_maze_bot/prefix_override:/home/yahboom/yahboomcar_ws/src/install/simple_maze_bot/lib/python3.10/site-packages:${PYTHONPATH} /usr/bin/python3 setup.py egg_info --egg-base ../build/simple_maze_bot build --build-base /home/yahboom/yahboomcar_ws/src/build/simple_maze_bot/build install --record /home/yahboom/yahboomcar_ws/src/build/simple_maze_bot/install.log --single-version-externally-managed
[16.927s] DEBUG:colcon.colcon_parallel_executor.executor.parallel:closing loop
[16.928s] DEBUG:colcon.colcon_parallel_executor.executor.parallel:loop closed
[16.928s] DEBUG:colcon.colcon_parallel_executor.executor.parallel:run_until_complete finished with '1'
[16.929s] DEBUG:colcon.colcon_core.event_reactor:joining thread
[17.065s] INFO:colcon.colcon_core.plugin_system:Skipping extension 'colcon_notification.desktop_notification.terminal_notifier': Not used on non-Darwin systems
[17.065s] INFO:colcon.colcon_core.plugin_system:Skipping extension 'colcon_notification.desktop_notification.win32': Not used on non-Windows systems
[17.066s] INFO:colcon.colcon_notification.desktop_notification:Sending desktop notification using 'notify2'
[17.130s] DEBUG:colcon.colcon_core.event_reactor:joined thread
[17.247s] INFO:colcon.colcon_core.shell:Creating prefix script '/home/yahboom/yahboomcar_ws/src/install/local_setup.ps1'
[17.250s] INFO:colcon.colcon_core.shell:Creating prefix util module '/home/yahboom/yahboomcar_ws/src/install/_local_setup_util_ps1.py'
[17.254s] INFO:colcon.colcon_core.shell:Creating prefix chain script '/home/yahboom/yahboomcar_ws/src/install/setup.ps1'
[17.399s] INFO:colcon.colcon_core.shell:Creating prefix script '/home/yahboom/yahboomcar_ws/src/install/local_setup.sh'
[17.404s] INFO:colcon.colcon_core.shell:Creating prefix util module '/home/yahboom/yahboomcar_ws/src/install/_local_setup_util_sh.py'
[17.406s] INFO:colcon.colcon_core.shell:Creating prefix chain script '/home/yahboom/yahboomcar_ws/src/install/setup.sh'
[17.525s] INFO:colcon.colcon_core.shell:Creating prefix script '/home/yahboom/yahboomcar_ws/src/install/local_setup.bash'
[17.526s] INFO:colcon.colcon_core.shell:Creating prefix chain script '/home/yahboom/yahboomcar_ws/src/install/setup.bash'
[17.631s] INFO:colcon.colcon_core.shell:Creating prefix script '/home/yahboom/yahboomcar_ws/src/install/local_setup.zsh'
[17.632s] INFO:colcon.colcon_core.shell:Creating prefix chain script '/home/yahboom/yahboomcar_ws/src/install/setup.zsh'
